This is pdfTeX, Version 3.14159265-2.6-1.40.20 (TeX Live 2019/Debian) (preloaded format=pdflatex 2023.6.1)  19 JUN 2023 15:11
entering extended mode
 restricted \write18 enabled.
 %&-line parsing enabled.
**main
(./main.tex
LaTeX2e <2020-02-02> patch level 2
L3 programming layer <2020-02-14>
(/usr/share/texlive/texmf-dist/tex/latex/base/article.cls
Document Class: article 2019/12/20 v1.4l Standard LaTeX document class
(/usr/share/texlive/texmf-dist/tex/latex/base/size12.clo
File: size12.clo 2019/12/20 v1.4l Standard LaTeX file (size option)
)
\c@part=\count167
\c@section=\count168
\c@subsection=\count169
\c@subsubsection=\count170
\c@paragraph=\count171
\c@subparagraph=\count172
\c@figure=\count173
\c@table=\count174
\abovecaptionskip=\skip47
\belowcaptionskip=\skip48
\bibindent=\dimen134
)
(/usr/share/texlive/texmf-dist/tex/latex/geometry/geometry.sty
Package: geometry 2020/01/02 v5.9 Page Geometry

(/usr/share/texlive/texmf-dist/tex/latex/graphics/keyval.sty
Package: keyval 2014/10/28 v1.15 key=value parser (DPC)
\KV@toks@=\toks14
)
(/usr/share/texlive/texmf-dist/tex/generic/iftex/ifvtex.sty
Package: ifvtex 2019/10/25 v1.7 ifvtex legacy package. Use iftex instead.

(/usr/share/texlive/texmf-dist/tex/generic/iftex/iftex.sty
Package: iftex 2019/11/07 v1.0c TeX engine tests
))
\Gm@cnth=\count175
\Gm@cntv=\count176
\c@Gm@tempcnt=\count177
\Gm@bindingoffset=\dimen135
\Gm@wd@mp=\dimen136
\Gm@odd@mp=\dimen137
\Gm@even@mp=\dimen138
\Gm@layoutwidth=\dimen139
\Gm@layoutheight=\dimen140
\Gm@layouthoffset=\dimen141
\Gm@layoutvoffset=\dimen142
\Gm@dimlist=\toks15
)
(/usr/share/texlive/texmf-dist/tex/latex/hyperref/hyperref.sty
Package: hyperref 2020/01/14 v7.00d Hypertext links for LaTeX

(/usr/share/texlive/texmf-dist/tex/generic/ltxcmds/ltxcmds.sty
Package: ltxcmds 2019/12/15 v1.24 LaTeX kernel commands for general use (HO)
)
(/usr/share/texlive/texmf-dist/tex/latex/pdftexcmds/pdftexcmds.sty
Package: pdftexcmds 2019/11/24 v0.31 Utility functions of pdfTeX for LuaTeX (HO
)

(/usr/share/texlive/texmf-dist/tex/generic/infwarerr/infwarerr.sty
Package: infwarerr 2019/12/03 v1.5 Providing info/warning/error messages (HO)
)
Package pdftexcmds Info: \pdf@primitive is available.
Package pdftexcmds Info: \pdf@ifprimitive is available.
Package pdftexcmds Info: \pdfdraftmode found.
)
(/usr/share/texlive/texmf-dist/tex/generic/kvsetkeys/kvsetkeys.sty
Package: kvsetkeys 2019/12/15 v1.18 Key value parser (HO)
)
(/usr/share/texlive/texmf-dist/tex/generic/kvdefinekeys/kvdefinekeys.sty
Package: kvdefinekeys 2019-12-19 v1.6 Define keys (HO)
)
(/usr/share/texlive/texmf-dist/tex/generic/pdfescape/pdfescape.sty
Package: pdfescape 2019/12/09 v1.15 Implements pdfTeX's escape features (HO)
)
(/usr/share/texlive/texmf-dist/tex/latex/hycolor/hycolor.sty
Package: hycolor 2020-01-27 v1.10 Color options for hyperref/bookmark (HO)
)
(/usr/share/texlive/texmf-dist/tex/latex/letltxmacro/letltxmacro.sty
Package: letltxmacro 2019/12/03 v1.6 Let assignment for LaTeX macros (HO)
)
(/usr/share/texlive/texmf-dist/tex/latex/auxhook/auxhook.sty
Package: auxhook 2019-12-17 v1.6 Hooks for auxiliary files (HO)
)
(/usr/share/texlive/texmf-dist/tex/latex/kvoptions/kvoptions.sty
Package: kvoptions 2019/11/29 v3.13 Key value format for package options (HO)
)
\@linkdim=\dimen143
\Hy@linkcounter=\count178
\Hy@pagecounter=\count179

(/usr/share/texlive/texmf-dist/tex/latex/hyperref/pd1enc.def
File: pd1enc.def 2020/01/14 v7.00d Hyperref: PDFDocEncoding definition (HO)
Now handling font encoding PD1 ...
... no UTF-8 mapping file for font encoding PD1
)
(/usr/share/texlive/texmf-dist/tex/generic/intcalc/intcalc.sty
Package: intcalc 2019/12/15 v1.3 Expandable calculations with integers (HO)
)
(/usr/share/texlive/texmf-dist/tex/generic/etexcmds/etexcmds.sty
Package: etexcmds 2019/12/15 v1.7 Avoid name clashes with e-TeX commands (HO)
)
\Hy@SavedSpaceFactor=\count180
\pdfmajorversion=\count181
Package hyperref Info: Hyper figures OFF on input line 4547.
Package hyperref Info: Link nesting OFF on input line 4552.
Package hyperref Info: Hyper index ON on input line 4555.
Package hyperref Info: Plain pages OFF on input line 4562.
Package hyperref Info: Backreferencing OFF on input line 4567.
Package hyperref Info: Implicit mode ON; LaTeX internals redefined.
Package hyperref Info: Bookmarks ON on input line 4800.
\c@Hy@tempcnt=\count182

(/usr/share/texlive/texmf-dist/tex/latex/url/url.sty
\Urlmuskip=\muskip16
Package: url 2013/09/16  ver 3.4  Verb mode for urls, etc.
)
LaTeX Info: Redefining \url on input line 5159.
\XeTeXLinkMargin=\dimen144

(/usr/share/texlive/texmf-dist/tex/generic/bitset/bitset.sty
Package: bitset 2019/12/09 v1.3 Handle bit-vector datatype (HO)

(/usr/share/texlive/texmf-dist/tex/generic/bigintcalc/bigintcalc.sty
Package: bigintcalc 2019/12/15 v1.5 Expandable calculations on big integers (HO
)
))
\Fld@menulength=\count183
\Field@Width=\dimen145
\Fld@charsize=\dimen146
Package hyperref Info: Hyper figures OFF on input line 6430.
Package hyperref Info: Link nesting OFF on input line 6435.
Package hyperref Info: Hyper index ON on input line 6438.
Package hyperref Info: backreferencing OFF on input line 6445.
Package hyperref Info: Link coloring OFF on input line 6450.
Package hyperref Info: Link coloring with OCG OFF on input line 6455.
Package hyperref Info: PDF/A mode OFF on input line 6460.
LaTeX Info: Redefining \ref on input line 6500.
LaTeX Info: Redefining \pageref on input line 6504.

(/usr/share/texlive/texmf-dist/tex/generic/atbegshi/atbegshi.sty
Package: atbegshi 2019/12/05 v1.19 At begin shipout hook (HO)
)
\Hy@abspage=\count184
\c@Item=\count185
\c@Hfootnote=\count186
)
Package hyperref Info: Driver (autodetected): hpdftex.

(/usr/share/texlive/texmf-dist/tex/latex/hyperref/hpdftex.def
File: hpdftex.def 2020/01/14 v7.00d Hyperref driver for pdfTeX

(/usr/share/texlive/texmf-dist/tex/latex/atveryend/atveryend.sty
Package: atveryend 2019-12-11 v1.11 Hooks at the very end of document (HO)
Package atveryend Info: \enddocument detected (standard20110627).
)
\Fld@listcount=\count187
\c@bookmark@seq@number=\count188

(/usr/share/texlive/texmf-dist/tex/latex/rerunfilecheck/rerunfilecheck.sty
Package: rerunfilecheck 2019/12/05 v1.9 Rerun checks for auxiliary files (HO)

(/usr/share/texlive/texmf-dist/tex/generic/uniquecounter/uniquecounter.sty
Package: uniquecounter 2019/12/15 v1.4 Provide unlimited unique counter (HO)
)
Package uniquecounter Info: New unique counter `rerunfilecheck' on input line 2
86.
)
\Hy@SectionHShift=\skip49
)
(/usr/share/texlive/texmf-dist/tex/latex/mathtools/mathtools.sty
Package: mathtools 2020/01/17 v1.23 mathematical typesetting tools

(/usr/share/texlive/texmf-dist/tex/latex/tools/calc.sty
Package: calc 2017/05/25 v4.3 Infix arithmetic (KKT,FJ)
\calc@Acount=\count189
\calc@Bcount=\count190
\calc@Adimen=\dimen147
\calc@Bdimen=\dimen148
\calc@Askip=\skip50
\calc@Bskip=\skip51
LaTeX Info: Redefining \setlength on input line 80.
LaTeX Info: Redefining \addtolength on input line 81.
\calc@Ccount=\count191
\calc@Cskip=\skip52
)
(/usr/share/texlive/texmf-dist/tex/latex/mathtools/mhsetup.sty
Package: mhsetup 2017/03/31 v1.3 programming setup (MH)
)
(/usr/share/texlive/texmf-dist/tex/latex/amsmath/amsmath.sty
Package: amsmath 2020/01/20 v2.17e AMS math features
\@mathmargin=\skip53

For additional information on amsmath, use the `?' option.
(/usr/share/texlive/texmf-dist/tex/latex/amsmath/amstext.sty
Package: amstext 2000/06/29 v2.01 AMS text

(/usr/share/texlive/texmf-dist/tex/latex/amsmath/amsgen.sty
File: amsgen.sty 1999/11/30 v2.0 generic functions
\@emptytoks=\toks16
\ex@=\dimen149
))
(/usr/share/texlive/texmf-dist/tex/latex/amsmath/amsbsy.sty
Package: amsbsy 1999/11/29 v1.2d Bold Symbols
\pmbraise@=\dimen150
)
(/usr/share/texlive/texmf-dist/tex/latex/amsmath/amsopn.sty
Package: amsopn 2016/03/08 v2.02 operator names
)
\inf@bad=\count192
LaTeX Info: Redefining \frac on input line 227.
\uproot@=\count193
\leftroot@=\count194
LaTeX Info: Redefining \overline on input line 389.
\classnum@=\count195
\DOTSCASE@=\count196
LaTeX Info: Redefining \ldots on input line 486.
LaTeX Info: Redefining \dots on input line 489.
LaTeX Info: Redefining \cdots on input line 610.
\Mathstrutbox@=\box45
\strutbox@=\box46
\big@size=\dimen151
LaTeX Font Info:    Redeclaring font encoding OML on input line 733.
LaTeX Font Info:    Redeclaring font encoding OMS on input line 734.
\macc@depth=\count197
\c@MaxMatrixCols=\count198
\dotsspace@=\muskip17
\c@parentequation=\count199
\dspbrk@lvl=\count266
\tag@help=\toks17
\row@=\count267
\column@=\count268
\maxfields@=\count269
\andhelp@=\toks18
\eqnshift@=\dimen152
\alignsep@=\dimen153
\tagshift@=\dimen154
\tagwidth@=\dimen155
\totwidth@=\dimen156
\lineht@=\dimen157
\@envbody=\toks19
\multlinegap=\skip54
\multlinetaggap=\skip55
\mathdisplay@stack=\toks20
LaTeX Info: Redefining \[ on input line 2859.
LaTeX Info: Redefining \] on input line 2860.
)
LaTeX Info: Thecontrolsequence`\('isalreadyrobust on input line 129.
LaTeX Info: Thecontrolsequence`\)'isalreadyrobust on input line 129.
LaTeX Info: Thecontrolsequence`\['isalreadyrobust on input line 129.
LaTeX Info: Thecontrolsequence`\]'isalreadyrobust on input line 129.
\g_MT_multlinerow_int=\count270
\l_MT_multwidth_dim=\dimen158
\origjot=\skip56
\l_MT_shortvdotswithinadjustabove_dim=\dimen159
\l_MT_shortvdotswithinadjustbelow_dim=\dimen160
\l_MT_above_intertext_sep=\dimen161
\l_MT_below_intertext_sep=\dimen162
\l_MT_above_shortintertext_sep=\dimen163
\l_MT_below_shortintertext_sep=\dimen164
)
(/usr/share/texlive/texmf-dist/tex/latex/parskip/parskip.sty
Package: parskip 2020-01-22 v2.0d non-zero parskip adjustments

(/usr/share/texlive/texmf-dist/tex/latex/etoolbox/etoolbox.sty
Package: etoolbox 2019/09/21 v2.5h e-TeX tools for LaTeX (JAW)
\etb@tempcnta=\count271
))
(/usr/share/texlive/texmf-dist/tex/latex/float/float.sty
Package: float 2001/11/08 v1.3d Float enhancements (AL)
\c@float@type=\count272
\float@exts=\toks21
\float@box=\box47
\@float@everytoks=\toks22
\@floatcapt=\box48
)
(/usr/share/texlive/texmf-dist/tex/latex/graphics/graphicx.sty
Package: graphicx 2019/11/30 v1.2a Enhanced LaTeX Graphics (DPC,SPQR)

(/usr/share/texlive/texmf-dist/tex/latex/graphics/graphics.sty
Package: graphics 2019/11/30 v1.4a Standard LaTeX Graphics (DPC,SPQR)

(/usr/share/texlive/texmf-dist/tex/latex/graphics/trig.sty
Package: trig 2016/01/03 v1.10 sin cos tan (DPC)
)
(/usr/share/texlive/texmf-dist/tex/latex/graphics-cfg/graphics.cfg
File: graphics.cfg 2016/06/04 v1.11 sample graphics configuration
)
Package graphics Info: Driver file: pdftex.def on input line 105.

(/usr/share/texlive/texmf-dist/tex/latex/graphics-def/pdftex.def
File: pdftex.def 2018/01/08 v1.0l Graphics/color driver for pdftex
))
\Gin@req@height=\dimen165
\Gin@req@width=\dimen166
)
(/usr/share/texlive/texmf-dist/tex/latex/subfig/subfig.sty
Package: subfig 2005/06/28 ver: 1.3 subfig package

(/usr/share/texlive/texmf-dist/tex/latex/caption/caption.sty
Package: caption 2020/01/03 v3.4h Customizing captions (AR)

(/usr/share/texlive/texmf-dist/tex/latex/caption/caption3.sty
Package: caption3 2020/01/03 v1.8h caption3 kernel (AR)
Package caption3 Info: TeX engine: e-TeX on input line 61.
\captionmargin=\dimen167
\captionmargin@=\dimen168
\captionwidth=\dimen169
\caption@tempdima=\dimen170
\caption@indent=\dimen171
\caption@parindent=\dimen172
\caption@hangindent=\dimen173
Package caption Info: Standard document class detected.
)
\c@caption@flags=\count273
\c@continuedfloat=\count274
Package caption Info: float package is loaded.
Package caption Info: hyperref package is loaded.
)
\c@KVtest=\count275
\sf@farskip=\skip57
\sf@captopadj=\dimen174
\sf@capskip=\skip58
\sf@nearskip=\skip59
\c@subfigure=\count276
\c@subfigure@save=\count277
\c@lofdepth=\count278
\c@subtable=\count279
\c@subtable@save=\count280
\c@lotdepth=\count281
\sf@top=\skip60
\sf@bottom=\skip61
)
(/usr/share/texlive/texmf-dist/tex/latex/l3backend/l3backend-pdfmode.def
File: l3backend-pdfmode.def 2020-02-03 L3 backend support: PDF mode
\l__kernel_color_stack_int=\count282
\l__pdf_internal_box=\box49
)
(./main.aux)
\openout1 = `main.aux'.

LaTeX Font Info:    Checking defaults for OML/cmm/m/it on input line 26.
LaTeX Font Info:    ... okay on input line 26.
LaTeX Font Info:    Checking defaults for OMS/cmsy/m/n on input line 26.
LaTeX Font Info:    ... okay on input line 26.
LaTeX Font Info:    Checking defaults for OT1/cmr/m/n on input line 26.
LaTeX Font Info:    ... okay on input line 26.
LaTeX Font Info:    Checking defaults for T1/cmr/m/n on input line 26.
LaTeX Font Info:    ... okay on input line 26.
LaTeX Font Info:    Checking defaults for TS1/cmr/m/n on input line 26.
LaTeX Font Info:    ... okay on input line 26.
LaTeX Font Info:    Checking defaults for OMX/cmex/m/n on input line 26.
LaTeX Font Info:    ... okay on input line 26.
LaTeX Font Info:    Checking defaults for U/cmr/m/n on input line 26.
LaTeX Font Info:    ... okay on input line 26.
LaTeX Font Info:    Checking defaults for PD1/pdf/m/n on input line 26.
LaTeX Font Info:    ... okay on input line 26.

*geometry* driver: auto-detecting
*geometry* detected driver: pdftex
*geometry* verbose mode - [ preamble ] result:
* driver: pdftex
* paper: a4paper
* layout: <same size as paper>
* layoutoffset:(h,v)=(0.0pt,0.0pt)
* modes: 
* h-part:(L,W,R)=(99.58464pt, 412.56497pt, 85.35826pt)
* v-part:(T,H,B)=(85.35826pt, 674.33032pt, 85.35826pt)
* \paperwidth=597.50787pt
* \paperheight=845.04684pt
* \textwidth=412.56497pt
* \textheight=674.33032pt
* \oddsidemargin=27.31465pt
* \evensidemargin=27.31465pt
* \topmargin=-23.91173pt
* \headheight=12.0pt
* \headsep=25.0pt
* \topskip=12.0pt
* \footskip=30.0pt
* \marginparwidth=44.0pt
* \marginparsep=10.0pt
* \columnsep=10.0pt
* \skip\footins=10.8pt plus 4.0pt minus 2.0pt
* \hoffset=0.0pt
* \voffset=0.0pt
* \mag=1000
* \@twocolumnfalse
* \@twosidefalse
* \@mparswitchfalse
* \@reversemarginfalse
* (1in=72.27pt=25.4mm, 1cm=28.453pt)

\AtBeginShipoutBox=\box50
Package hyperref Info: Link coloring OFF on input line 26.
(/usr/share/texlive/texmf-dist/tex/latex/hyperref/nameref.sty
Package: nameref 2019/09/16 v2.46 Cross-referencing by name of section

(/usr/share/texlive/texmf-dist/tex/latex/refcount/refcount.sty
Package: refcount 2019/12/15 v3.6 Data extraction from label references (HO)
)
(/usr/share/texlive/texmf-dist/tex/generic/gettitlestring/gettitlestring.sty
Package: gettitlestring 2019/12/15 v1.6 Cleanup title references (HO)
)
\c@section@level=\count283
)
LaTeX Info: Redefining \ref on input line 26.
LaTeX Info: Redefining \pageref on input line 26.
LaTeX Info: Redefining \nameref on input line 26.

(./main.out) (./main.out)
\@outlinefile=\write3
\openout3 = `main.out'.


(/usr/share/texlive/texmf-dist/tex/context/base/mkii/supp-pdf.mkii
[Loading MPS to PDF converter (version 2006.09.02).]
\scratchcounter=\count284
\scratchdimen=\dimen175
\scratchbox=\box51
\nofMPsegments=\count285
\nofMParguments=\count286
\everyMPshowfont=\toks23
\MPscratchCnt=\count287
\MPscratchDim=\dimen176
\MPnumerator=\count288
\makeMPintoPDFobject=\count289
\everyMPtoPDFconversion=\toks24
) (/usr/share/texlive/texmf-dist/tex/latex/epstopdf-pkg/epstopdf-base.sty
Package: epstopdf-base 2020-01-24 v2.11 Base part for package epstopdf
Package epstopdf-base Info: Redefining graphics rule for `.eps' on input line 4
85.

(/usr/share/texlive/texmf-dist/tex/latex/latexconfig/epstopdf-sys.cfg
File: epstopdf-sys.cfg 2010/07/13 v1.3 Configuration of (r)epstopdf for TeX Liv
e
))
Package caption Info: Begin \AtBeginDocument code.
Package caption Info: subfig package v1.3 is loaded.
Package caption Info: End \AtBeginDocument code.


LaTeX Warning: No \author given.

(./sections/00preface.tex
Underfull \hbox (badness 10000) in paragraph at lines 8--11

 []

) [1

{/var/lib/texmf/fonts/map/pdftex/updmap/pdftex.map}] (./main.toc)
\tf@toc=\write4
\openout4 = `main.toc'.

 [2]
(./sections/01abstract.tex) (./sections/02introduction.tex
<figures/fig_capillary_flow_brick.jpg, id=226, 770.88pt x 442.0515pt>
File: figures/fig_capillary_flow_brick.jpg Graphic file (type jpg)
<use figures/fig_capillary_flow_brick.jpg>
Package pdftex.def Info: figures/fig_capillary_flow_brick.jpg  used on input li
ne 5.
(pdftex.def)             Requested size: 396.94295pt x 227.62204pt.
 [3 <./figures/fig_capillary_flow_brick.jpg>] [4] [5] [6] [7] [8] [9] [10]) (./
sections/03theory.tex
<figures/fig_diagram-viscosity-def.jpg, id=330, 900.36375pt x 468.75125pt>
File: figures/fig_diagram-viscosity-def.jpg Graphic file (type jpg)
<use figures/fig_diagram-viscosity-def.jpg>
Package pdftex.def Info: figures/fig_diagram-viscosity-def.jpg  used on input l
ine 3.
(pdftex.def)             Requested size: 273.24358pt x 142.26378pt.
[11 <./figures/fig_diagram-viscosity-def.jpg>]
<figures/fig_flow-thin-tube.jpg, id=340, 1229.59375pt x 677.53125pt>
File: figures/fig_flow-thin-tube.jpg Graphic file (type jpg)
<use figures/fig_flow-thin-tube.jpg>
Package pdftex.def Info: figures/fig_flow-thin-tube.jpg  used on input line 36.

(pdftex.def)             Requested size: 258.18478pt x 142.26378pt.
 [12 <./figures/fig_flow-thin-tube.jpg>] [13]
<figures/fig_capact-of-water.png, id=360, 220.825pt x 295.1025pt>
File: figures/fig_capact-of-water.png Graphic file (type png)
<use figures/fig_capact-of-water.png>
Package pdftex.def Info: figures/fig_capact-of-water.png  used on input line 11
7.
(pdftex.def)             Requested size: 170.33228pt x 227.62204pt.
 [14]
<figures/fig_shape-meniscus.png, id=368, 631.35875pt x 288.07625pt>
File: figures/fig_shape-meniscus.png Graphic file (type png)
<use figures/fig_shape-meniscus.png>
Package pdftex.def Info: figures/fig_shape-meniscus.png  used on input line 125
.
(pdftex.def)             Requested size: 187.07771pt x 85.35826pt.
<figures/fig_flowr-1-men.png, id=369, 300.12125pt x 114.4275pt>
File: figures/fig_flowr-1-men.png Graphic file (type png)
<use figures/fig_flowr-1-men.png>
Package pdftex.def Info: figures/fig_flowr-1-men.png  used on input line 139.
(pdftex.def)             Requested size: 223.88597pt x 85.35826pt.
 [15 <./figures/fig_capact-of-water.png> <./figures/fig_shape-meniscus.png>] [1
6 <./figures/fig_flowr-1-men.png>]
<figures/fig_tube-length-viscosity-numbering.png, id=399, 704.6325pt x 270.0087
4pt>
File: figures/fig_tube-length-viscosity-numbering.png Graphic file (type png)
<use figures/fig_tube-length-viscosity-numbering.png>
Package pdftex.def Info: figures/fig_tube-length-viscosity-numbering.png  used 
on input line 202.
(pdftex.def)             Requested size: 222.75604pt x 85.35826pt.
 [17 <./figures/fig_tube-length-viscosity-numbering.png>]
<figures/fig_simple-5-nodes.png, id=410, 1047.915pt x 967.615pt>
File: figures/fig_simple-5-nodes.png Graphic file (type png)
<use figures/fig_simple-5-nodes.png>
Package pdftex.def Info: figures/fig_simple-5-nodes.png  used on input line 227
.
(pdftex.def)             Requested size: 246.49991pt x 227.62204pt.
) (./sections/04model.tex [18 <./figures/fig_simple-5-nodes.png (PNG copy)>]
Overfull \hbox (4.6786pt too wide) detected at line 25
[]
 []

<figures/fig_numbering-of-ij-tube.png, id=423, 743.77875pt x 507.8975pt>
File: figures/fig_numbering-of-ij-tube.png Graphic file (type png)
<use figures/fig_numbering-of-ij-tube.png>
Package pdftex.def Info: figures/fig_numbering-of-ij-tube.png  used on input li
ne 36.
(pdftex.def)             Requested size: 249.99875pt x 170.71652pt.
[19 <./figures/fig_numbering-of-ij-tube.png (PNG copy)>]
<figures/fig_descp-of-model.png, id=431, 2891.5227pt x 2048.8545pt>
File: figures/fig_descp-of-model.png Graphic file (type png)
<use figures/fig_descp-of-model.png>
Package pdftex.def Info: figures/fig_descp-of-model.png  used on input line 62.

(pdftex.def)             Requested size: 240.9008pt x 170.71652pt.
 [20] [21 <./figures/fig_descp-of-model.png>]) (./sections/05result.tex
<figures/fig_result10by10_1.png, id=455, 864.22874pt x 867.24pt>
File: figures/fig_result10by10_1.png Graphic file (type png)
<use figures/fig_result10by10_1.png>
Package pdftex.def Info: figures/fig_result10by10_1.png  used on input line 17.

(pdftex.def)             Requested size: 226.83047pt x 227.62204pt.
 [22]
<figures/fig_result10by10_2.png, id=474, 869.2475pt x 865.2325pt>
File: figures/fig_result10by10_2.png Graphic file (type png)
<use figures/fig_result10by10_2.png>
Package pdftex.def Info: figures/fig_result10by10_2.png  used on input line 23.

(pdftex.def)             Requested size: 228.67827pt x 227.62204pt.
<figures/fig_result10by10_3.png, id=475, 866.23625pt x 864.22874pt>
File: figures/fig_result10by10_3.png Graphic file (type png)
<use figures/fig_result10by10_3.png>
Package pdftex.def Info: figures/fig_result10by10_3.png  used on input line 30.

(pdftex.def)             Requested size: 228.15044pt x 227.62204pt.
 [23 <./figures/fig_result10by10_1.png> <./figures/fig_result10by10_2.png>]
<figures/fig_plot-sat-vs-time.png, id=484, 577.15625pt x 253.94875pt>
File: figures/fig_plot-sat-vs-time.png Graphic file (type png)
<use figures/fig_plot-sat-vs-time.png>
Package pdftex.def Info: figures/fig_plot-sat-vs-time.png  used on input line 3
8.
(pdftex.def)             Requested size: 330.05322pt x 145.2289pt.
 [24 <./figures/fig_result10by10_3.png> <./figures/fig_plot-sat-vs-time.png>]
<figures/fig_initial-fill-distribution.png, id=497, 753.81625pt x 528.97626pt>
File: figures/fig_initial-fill-distribution.png Graphic file (type png)
<use figures/fig_initial-fill-distribution.png>
Package pdftex.def Info: figures/fig_initial-fill-distribution.png  used on inp
ut line 57.
(pdftex.def)             Requested size: 227.62204pt x 159.72725pt.
<figures/fig_final-fill-distribution.png, id=498, 782.925pt x 527.9725pt>
File: figures/fig_final-fill-distribution.png Graphic file (type png)
<use figures/fig_final-fill-distribution.png>
Package pdftex.def Info: figures/fig_final-fill-distribution.png  used on input
 line 64.
(pdftex.def)             Requested size: 227.62204pt x 153.4948pt.
<figures/fig_initial_26x26.png, id=499, 820.06375pt x 806.01125pt>
File: figures/fig_initial_26x26.png Graphic file (type png)
<use figures/fig_initial_26x26.png>
Package pdftex.def Info: figures/fig_initial_26x26.png  used on input line 72.
(pdftex.def)             Requested size: 206.28249pt x 202.74448pt.
 [25 <./figures/fig_initial-fill-distribution.png> <./figures/fig_final-fill-di
stribution.png>]
<figures/fig_oscill26x26frame51.jpg, id=511, 284.56313pt x 255.20343pt>
File: figures/fig_oscill26x26frame51.jpg Graphic file (type jpg)
<use figures/fig_oscill26x26frame51.jpg>
Package pdftex.def Info: figures/fig_oscill26x26frame51.jpg  used on input line
 80.
(pdftex.def)             Requested size: 126.9059pt x 113.81102pt.
<figures/fig_oscill26x26frame96.jpg, id=512, 386.94562pt x 361.35pt>
File: figures/fig_oscill26x26frame96.jpg Graphic file (type jpg)
<use figures/fig_oscill26x26frame96.jpg>
Package pdftex.def Info: figures/fig_oscill26x26frame96.jpg  used on input line
 81.
(pdftex.def)             Requested size: 121.87079pt x 113.81102pt.
<figures/fig_oscill26x26frame111.jpg, id=513, 302.63063pt x 289.83281pt>
File: figures/fig_oscill26x26frame111.jpg Graphic file (type jpg)
<use figures/fig_oscill26x26frame111.jpg>
Package pdftex.def Info: figures/fig_oscill26x26frame111.jpg  used on input lin
e 82.
(pdftex.def)             Requested size: 118.83357pt x 113.81102pt.
<figures/fig_plot-sat-vs-time-26-26oscill.png, id=514, 518.93875pt x 294.09875p
t>
File: figures/fig_plot-sat-vs-time-26-26oscill.png Graphic file (type png)
<use figures/fig_plot-sat-vs-time-26-26oscill.png>
Package pdftex.def Info: figures/fig_plot-sat-vs-time-26-26oscill.png  used on 
input line 88.
(pdftex.def)             Requested size: 330.05322pt x 187.06026pt.
 [26 <./figures/fig_initial_26x26.png> <./figures/fig_oscill26x26frame51.jpg> <
./figures/fig_oscill26x26frame96.jpg> <./figures/fig_oscill26x26frame111.jpg>])

(./sections/06conclusion.tex) (./main.bbl [27 <./figures/fig_plot-sat-vs-time-2
6-26oscill.png>]
Underfull \hbox (badness 2689) in paragraph at lines 101--107
[]\OT1/cmr/m/n/12 Wikipedia.  Cap-il-lary ac-tion --- Wikipedia, the free en-cy
-clo-pe-dia.
 []


Underfull \hbox (badness 10000) in paragraph at lines 101--107
[]$\OT1/cmtt/m/n/12 http : / / en . wikipedia . org / w / index . php ? title =
 Capillary % 20action &
 []

[28])
Package atveryend Info: Empty hook `BeforeClearDocument' on input line 57.
 [29]
Package atveryend Info: Empty hook `AfterLastShipout' on input line 57.
 (./main.aux)
Package atveryend Info: Executing hook `AtVeryEndDocument' on input line 57.
Package atveryend Info: Executing hook `AtEndAfterFileList' on input line 57.
Package rerunfilecheck Info: File `main.out' has not changed.
(rerunfilecheck)             Checksum: 77AD1C92B6515E62CA93D1D8B5851A56;3067.
Package atveryend Info: Empty hook `AtVeryVeryEnd' on input line 57.
 ) 
Here is how much of TeX's memory you used:
 8880 strings out of 481239
 140028 string characters out of 5920378
 416124 words of memory out of 5000000
 23803 multiletter control sequences out of 15000+600000
 540319 words of font info for 52 fonts, out of 8000000 for 9000
 1141 hyphenation exceptions out of 8191
 50i,13n,51p,1059b,597s stack positions out of 5000i,500n,10000p,200000b,80000s
{/usr/share/texmf/fonts/enc/dvips/cm-super/cm-super-ts1.enc}</usr/share/texli
ve/texmf-dist/fonts/type1/public/amsfonts/cm/cmbx10.pfb></usr/share/texlive/tex
mf-dist/fonts/type1/public/amsfonts/cm/cmbx12.pfb></usr/share/texlive/texmf-dis
t/fonts/type1/public/amsfonts/cm/cmex10.pfb></usr/share/texlive/texmf-dist/font
s/type1/public/amsfonts/cm/cmmi12.pfb></usr/share/texlive/texmf-dist/fonts/type
1/public/amsfonts/cm/cmmi6.pfb></usr/share/texlive/texmf-dist/fonts/type1/publi
c/amsfonts/cm/cmmi8.pfb></usr/share/texlive/texmf-dist/fonts/type1/public/amsfo
nts/cm/cmr10.pfb></usr/share/texlive/texmf-dist/fonts/type1/public/amsfonts/cm/
cmr12.pfb></usr/share/texlive/texmf-dist/fonts/type1/public/amsfonts/cm/cmr17.p
fb></usr/share/texlive/texmf-dist/fonts/type1/public/amsfonts/cm/cmr6.pfb></usr
/share/texlive/texmf-dist/fonts/type1/public/amsfonts/cm/cmr8.pfb></usr/share/t
exlive/texmf-dist/fonts/type1/public/amsfonts/cm/cmsy10.pfb></usr/share/texlive
/texmf-dist/fonts/type1/public/amsfonts/cm/cmsy6.pfb></usr/share/texlive/texmf-
dist/fonts/type1/public/amsfonts/cm/cmsy8.pfb></usr/share/texlive/texmf-dist/fo
nts/type1/public/amsfonts/cm/cmti12.pfb></usr/share/texlive/texmf-dist/fonts/ty
pe1/public/amsfonts/cm/cmtt12.pfb></usr/share/texmf/fonts/type1/public/cm-super
/sfrm1200.pfb>
Output written on main.pdf (29 pages, 1345708 bytes).
PDF statistics:
 641 PDF objects out of 1000 (max. 8388607)
 552 compressed objects within 6 object streams
 184 named destinations out of 1000 (max. 500000)
 434 words of extra memory for PDF output out of 10000 (max. 10000000)

