\BOOKMARK [0][-]{chapter.1}{Introduction}{}% 1
\BOOKMARK [1][-]{section.1.1}{Practical Application}{chapter.1}% 2
\BOOKMARK [1][-]{section.1.2}{Other methods of simulating two-phase flows}{chapter.1}% 3
\BOOKMARK [1][-]{section.1.3}{Models already developed}{chapter.1}% 4
\BOOKMARK [0][-]{chapter.2}{Theory}{}% 5
\BOOKMARK [1][-]{section.2.1}{Viscosity}{chapter.2}% 6
\BOOKMARK [1][-]{section.2.2}{Volumetric flow rate through a thin tube}{chapter.2}% 7
\BOOKMARK [1][-]{section.2.3}{Capillary Action}{chapter.2}% 8
\BOOKMARK [1][-]{section.2.4}{Flow rate in a tube containing meniscus}{chapter.2}% 9
\BOOKMARK [1][-]{section.2.5}{The sign of capillary pressure}{chapter.2}% 10
\BOOKMARK [1][-]{section.2.6}{Flow Rate Equation used in our network model}{chapter.2}% 11
\BOOKMARK [1][-]{section.2.7}{Flow rate linear equations for a node}{chapter.2}% 12
\BOOKMARK [1][-]{section.2.8}{Numbering tubes and other parameters in the network model}{chapter.2}% 13
\BOOKMARK [0][-]{chapter.3}{Model}{}% 14
\BOOKMARK [1][-]{section.3.1}{Difficulty Modeling Imhibition}{chapter.3}% 15
\BOOKMARK [2][-]{subsection.3.1.1}{Main problem now}{section.3.1}% 16
\BOOKMARK [2][-]{subsection.3.1.2}{The flow does not start in the nodes}{section.3.1}% 17
\BOOKMARK [2][-]{subsection.3.1.3}{The flow does not start, all meniscus midway in thick tubes}{section.3.1}% 18
\BOOKMARK [1][-]{section.3.2}{Description of the Model}{chapter.3}% 19
\BOOKMARK [1][-]{section.3.3}{Algorithm steps !UNDER CONSTRUCTION}{chapter.3}% 20
\BOOKMARK [0][-]{chapter.4}{Result}{}% 21
\BOOKMARK [1][-]{section.4.1}{New Results 2023-06-12}{chapter.4}% 22
\BOOKMARK [2][-]{subsection.4.1.1}{Discussion}{section.4.1}% 23
\BOOKMARK [2][-]{subsection.4.1.2}{Initial conditon}{section.4.1}% 24
\BOOKMARK [1][-]{section.4.2}{Old Results, shown at the 65 mipt conference}{chapter.4}% 25
\BOOKMARK [0][-]{chapter.5}{Conclusion}{}% 26
\BOOKMARK [0][-]{chapter.6}{Reference}{}% 27
\BOOKMARK [0][-]{chapter.7}{Appendix-sample}{}% 28
