This is pdfTeX, Version 3.14159265-2.6-1.40.20 (TeX Live 2019/Debian) (preloaded format=latex 2023.6.1)  20 JUL 2023 06:03
entering extended mode
 restricted \write18 enabled.
 file:line:error style messages enabled.
 %&-line parsing enabled.
**02introduction.tex
(./02introduction.tex
LaTeX2e <2020-02-02> patch level 2
L3 programming layer <2020-02-14>
./02introduction.tex:1: Undefined control sequence.
l.1 \subsection
               {Motivation}
? 
./02introduction.tex:1: Emergency stop.
l.1 \subsection
               {Motivation}
End of file on the terminal!

 
Here is how much of TeX's memory you used:
 16 strings out of 481240
 417 string characters out of 5920404
 236559 words of memory out of 5000000
 15384 multiletter control sequences out of 15000+600000
 532338 words of font info for 24 fonts, out of 8000000 for 9000
 1141 hyphenation exceptions out of 8191
 12i,0n,15p,73b,8s stack positions out of 5000i,500n,10000p,200000b,80000s
No pages of output.
