This is pdfTeX, Version 3.141592653-2.6-1.40.25 (TeX Live 2023/Debian) (preloaded format=pdflatex 2023.11.16)  28 FEB 2024 21:26
entering extended mode
 restricted \write18 enabled.
 %&-line parsing enabled.
**main
(./main.tex
LaTeX2e <2023-06-01>
L3 programming layer <2023-06-05>
(/usr/share/texlive/texmf-dist/tex/latex/base/article.cls
Document Class: article 2023/05/17 v1.4n Standard LaTeX document class
(/usr/share/texlive/texmf-dist/tex/latex/base/size12.clo
File: size12.clo 2023/05/17 v1.4n Standard LaTeX file (size option)
)
\c@part=\count185
\c@section=\count186
\c@subsection=\count187
\c@subsubsection=\count188
\c@paragraph=\count189
\c@subparagraph=\count190
\c@figure=\count191
\c@table=\count192
\abovecaptionskip=\skip48
\belowcaptionskip=\skip49
\bibindent=\dimen140
)
(/usr/share/texlive/texmf-dist/tex/latex/geometry/geometry.sty
Package: geometry 2020/01/02 v5.9 Page Geometry

(/usr/share/texlive/texmf-dist/tex/latex/graphics/keyval.sty
Package: keyval 2022/05/29 v1.15 key=value parser (DPC)
\KV@toks@=\toks17
)
(/usr/share/texlive/texmf-dist/tex/generic/iftex/ifvtex.sty
Package: ifvtex 2019/10/25 v1.7 ifvtex legacy package. Use iftex instead.

(/usr/share/texlive/texmf-dist/tex/generic/iftex/iftex.sty
Package: iftex 2022/02/03 v1.0f TeX engine tests
))
\Gm@cnth=\count193
\Gm@cntv=\count194
\c@Gm@tempcnt=\count195
\Gm@bindingoffset=\dimen141
\Gm@wd@mp=\dimen142
\Gm@odd@mp=\dimen143
\Gm@even@mp=\dimen144
\Gm@layoutwidth=\dimen145
\Gm@layoutheight=\dimen146
\Gm@layouthoffset=\dimen147
\Gm@layoutvoffset=\dimen148
\Gm@dimlist=\toks18
)
(/usr/share/texlive/texmf-dist/tex/latex/parskip/parskip.sty
Package: parskip 2021-03-14 v2.0h non-zero parskip adjustments

(/usr/share/texlive/texmf-dist/tex/latex/kvoptions/kvoptions.sty
Package: kvoptions 2022-06-15 v3.15 Key value format for package options (HO)

(/usr/share/texlive/texmf-dist/tex/generic/ltxcmds/ltxcmds.sty
Package: ltxcmds 2020-05-10 v1.25 LaTeX kernel commands for general use (HO)
)
(/usr/share/texlive/texmf-dist/tex/latex/kvsetkeys/kvsetkeys.sty
Package: kvsetkeys 2022-10-05 v1.19 Key value parser (HO)
))
(/usr/share/texlive/texmf-dist/tex/latex/etoolbox/etoolbox.sty
Package: etoolbox 2020/10/05 v2.5k e-TeX tools for LaTeX (JAW)
\etb@tempcnta=\count196
))
(/usr/share/texlive/texmf-dist/tex/latex/mathtools/mathtools.sty
Package: mathtools 2022/06/29 v1.29 mathematical typesetting tools

(/usr/share/texlive/texmf-dist/tex/latex/tools/calc.sty
Package: calc 2017/05/25 v4.3 Infix arithmetic (KKT,FJ)
\calc@Acount=\count197
\calc@Bcount=\count198
\calc@Adimen=\dimen149
\calc@Bdimen=\dimen150
\calc@Askip=\skip50
\calc@Bskip=\skip51
LaTeX Info: Redefining \setlength on input line 80.
LaTeX Info: Redefining \addtolength on input line 81.
\calc@Ccount=\count199
\calc@Cskip=\skip52
)
(/usr/share/texlive/texmf-dist/tex/latex/mathtools/mhsetup.sty
Package: mhsetup 2021/03/18 v1.4 programming setup (MH)
)
(/usr/share/texlive/texmf-dist/tex/latex/amsmath/amsmath.sty
Package: amsmath 2023/05/13 v2.17o AMS math features
\@mathmargin=\skip53

For additional information on amsmath, use the `?' option.
(/usr/share/texlive/texmf-dist/tex/latex/amsmath/amstext.sty
Package: amstext 2021/08/26 v2.01 AMS text

(/usr/share/texlive/texmf-dist/tex/latex/amsmath/amsgen.sty
File: amsgen.sty 1999/11/30 v2.0 generic functions
\@emptytoks=\toks19
\ex@=\dimen151
))
(/usr/share/texlive/texmf-dist/tex/latex/amsmath/amsbsy.sty
Package: amsbsy 1999/11/29 v1.2d Bold Symbols
\pmbraise@=\dimen152
)
(/usr/share/texlive/texmf-dist/tex/latex/amsmath/amsopn.sty
Package: amsopn 2022/04/08 v2.04 operator names
)
\inf@bad=\count266
LaTeX Info: Redefining \frac on input line 234.
\uproot@=\count267
\leftroot@=\count268
LaTeX Info: Redefining \overline on input line 399.
LaTeX Info: Redefining \colon on input line 410.
\classnum@=\count269
\DOTSCASE@=\count270
LaTeX Info: Redefining \ldots on input line 496.
LaTeX Info: Redefining \dots on input line 499.
LaTeX Info: Redefining \cdots on input line 620.
\Mathstrutbox@=\box51
\strutbox@=\box52
LaTeX Info: Redefining \big on input line 722.
LaTeX Info: Redefining \Big on input line 723.
LaTeX Info: Redefining \bigg on input line 724.
LaTeX Info: Redefining \Bigg on input line 725.
\big@size=\dimen153
LaTeX Font Info:    Redeclaring font encoding OML on input line 743.
LaTeX Font Info:    Redeclaring font encoding OMS on input line 744.
\macc@depth=\count271
LaTeX Info: Redefining \bmod on input line 905.
LaTeX Info: Redefining \pmod on input line 910.
LaTeX Info: Redefining \smash on input line 940.
LaTeX Info: Redefining \relbar on input line 970.
LaTeX Info: Redefining \Relbar on input line 971.
\c@MaxMatrixCols=\count272
\dotsspace@=\muskip16
\c@parentequation=\count273
\dspbrk@lvl=\count274
\tag@help=\toks20
\row@=\count275
\column@=\count276
\maxfields@=\count277
\andhelp@=\toks21
\eqnshift@=\dimen154
\alignsep@=\dimen155
\tagshift@=\dimen156
\tagwidth@=\dimen157
\totwidth@=\dimen158
\lineht@=\dimen159
\@envbody=\toks22
\multlinegap=\skip54
\multlinetaggap=\skip55
\mathdisplay@stack=\toks23
LaTeX Info: Redefining \[ on input line 2953.
LaTeX Info: Redefining \] on input line 2954.
)
\g_MT_multlinerow_int=\count278
\l_MT_multwidth_dim=\dimen160
\origjot=\skip56
\l_MT_shortvdotswithinadjustabove_dim=\dimen161
\l_MT_shortvdotswithinadjustbelow_dim=\dimen162
\l_MT_above_intertext_sep=\dimen163
\l_MT_below_intertext_sep=\dimen164
\l_MT_above_shortintertext_sep=\dimen165
\l_MT_below_shortintertext_sep=\dimen166
\xmathstrut@box=\box53
\xmathstrut@dim=\dimen167
)
(/usr/share/texlive/texmf-dist/tex/latex/hyperref/hyperref.sty
Package: hyperref 2023-05-16 v7.00y Hypertext links for LaTeX

(/usr/share/texlive/texmf-dist/tex/generic/pdftexcmds/pdftexcmds.sty
Package: pdftexcmds 2020-06-27 v0.33 Utility functions of pdfTeX for LuaTeX (HO
)

(/usr/share/texlive/texmf-dist/tex/generic/infwarerr/infwarerr.sty
Package: infwarerr 2019/12/03 v1.5 Providing info/warning/error messages (HO)
)
Package pdftexcmds Info: \pdf@primitive is available.
Package pdftexcmds Info: \pdf@ifprimitive is available.
Package pdftexcmds Info: \pdfdraftmode found.
)
(/usr/share/texlive/texmf-dist/tex/generic/kvdefinekeys/kvdefinekeys.sty
Package: kvdefinekeys 2019-12-19 v1.6 Define keys (HO)
)
(/usr/share/texlive/texmf-dist/tex/generic/pdfescape/pdfescape.sty
Package: pdfescape 2019/12/09 v1.15 Implements pdfTeX's escape features (HO)
)
(/usr/share/texlive/texmf-dist/tex/latex/hycolor/hycolor.sty
Package: hycolor 2020-01-27 v1.10 Color options for hyperref/bookmark (HO)
)
(/usr/share/texlive/texmf-dist/tex/latex/letltxmacro/letltxmacro.sty
Package: letltxmacro 2019/12/03 v1.6 Let assignment for LaTeX macros (HO)
)
(/usr/share/texlive/texmf-dist/tex/latex/auxhook/auxhook.sty
Package: auxhook 2019-12-17 v1.6 Hooks for auxiliary files (HO)
)
(/usr/share/texlive/texmf-dist/tex/latex/hyperref/nameref.sty
Package: nameref 2023-05-16 v2.51 Cross-referencing by name of section

(/usr/share/texlive/texmf-dist/tex/latex/refcount/refcount.sty
Package: refcount 2019/12/15 v3.6 Data extraction from label references (HO)
)
(/usr/share/texlive/texmf-dist/tex/generic/gettitlestring/gettitlestring.sty
Package: gettitlestring 2019/12/15 v1.6 Cleanup title references (HO)
)
\c@section@level=\count279
)
\@linkdim=\dimen168
\Hy@linkcounter=\count280
\Hy@pagecounter=\count281

(/usr/share/texlive/texmf-dist/tex/latex/hyperref/pd1enc.def
File: pd1enc.def 2023-05-16 v7.00y Hyperref: PDFDocEncoding definition (HO)
Now handling font encoding PD1 ...
... no UTF-8 mapping file for font encoding PD1
)
(/usr/share/texlive/texmf-dist/tex/generic/intcalc/intcalc.sty
Package: intcalc 2019/12/15 v1.3 Expandable calculations with integers (HO)
)
\Hy@SavedSpaceFactor=\count282

(/usr/share/texlive/texmf-dist/tex/latex/hyperref/puenc.def
File: puenc.def 2023-05-16 v7.00y Hyperref: PDF Unicode definition (HO)
Now handling font encoding PU ...
... no UTF-8 mapping file for font encoding PU
)
Package hyperref Info: Hyper figures OFF on input line 4167.
Package hyperref Info: Link nesting OFF on input line 4172.
Package hyperref Info: Hyper index ON on input line 4175.
Package hyperref Info: Plain pages OFF on input line 4182.
Package hyperref Info: Backreferencing OFF on input line 4187.
Package hyperref Info: Implicit mode ON; LaTeX internals redefined.
Package hyperref Info: Bookmarks ON on input line 4434.
\c@Hy@tempcnt=\count283

(/usr/share/texlive/texmf-dist/tex/latex/url/url.sty
\Urlmuskip=\muskip17
Package: url 2013/09/16  ver 3.4  Verb mode for urls, etc.
)
LaTeX Info: Redefining \url on input line 4772.
\XeTeXLinkMargin=\dimen169

(/usr/share/texlive/texmf-dist/tex/generic/bitset/bitset.sty
Package: bitset 2019/12/09 v1.3 Handle bit-vector datatype (HO)

(/usr/share/texlive/texmf-dist/tex/generic/bigintcalc/bigintcalc.sty
Package: bigintcalc 2019/12/15 v1.5 Expandable calculations on big integers (HO
)
))
\Fld@menulength=\count284
\Field@Width=\dimen170
\Fld@charsize=\dimen171
Package hyperref Info: Hyper figures OFF on input line 6051.
Package hyperref Info: Link nesting OFF on input line 6056.
Package hyperref Info: Hyper index ON on input line 6059.
Package hyperref Info: backreferencing OFF on input line 6066.
Package hyperref Info: Link coloring OFF on input line 6071.
Package hyperref Info: Link coloring with OCG OFF on input line 6076.
Package hyperref Info: PDF/A mode OFF on input line 6081.

(/usr/share/texlive/texmf-dist/tex/latex/base/atbegshi-ltx.sty
Package: atbegshi-ltx 2021/01/10 v1.0c Emulation of the original atbegshi
package with kernel methods
)
\Hy@abspage=\count285
\c@Item=\count286
\c@Hfootnote=\count287
)
Package hyperref Info: Driver (autodetected): hpdftex.

(/usr/share/texlive/texmf-dist/tex/latex/hyperref/hpdftex.def
File: hpdftex.def 2023-05-16 v7.00y Hyperref driver for pdfTeX

(/usr/share/texlive/texmf-dist/tex/latex/base/atveryend-ltx.sty
Package: atveryend-ltx 2020/08/19 v1.0a Emulation of the original atveryend pac
kage
with kernel methods
)
\Fld@listcount=\count288
\c@bookmark@seq@number=\count289

(/usr/share/texlive/texmf-dist/tex/latex/rerunfilecheck/rerunfilecheck.sty
Package: rerunfilecheck 2022-07-10 v1.10 Rerun checks for auxiliary files (HO)

(/usr/share/texlive/texmf-dist/tex/generic/uniquecounter/uniquecounter.sty
Package: uniquecounter 2019/12/15 v1.4 Provide unlimited unique counter (HO)
)
Package uniquecounter Info: New unique counter `rerunfilecheck' on input line 2
85.
)
\Hy@SectionHShift=\skip57
)
(/usr/share/texlive/texmf-dist/tex/latex/preprint/authblk.sty
Package: authblk 2001/02/27 1.3 (PWD)
\affilsep=\skip58
\@affilsep=\skip59
\c@Maxaffil=\count290
\c@authors=\count291
\c@affil=\count292
)
(/usr/share/texlive/texmf-dist/tex/latex/graphics/graphicx.sty
Package: graphicx 2021/09/16 v1.2d Enhanced LaTeX Graphics (DPC,SPQR)

(/usr/share/texlive/texmf-dist/tex/latex/graphics/graphics.sty
Package: graphics 2022/03/10 v1.4e Standard LaTeX Graphics (DPC,SPQR)

(/usr/share/texlive/texmf-dist/tex/latex/graphics/trig.sty
Package: trig 2021/08/11 v1.11 sin cos tan (DPC)
)
(/usr/share/texlive/texmf-dist/tex/latex/graphics-cfg/graphics.cfg
File: graphics.cfg 2016/06/04 v1.11 sample graphics configuration
)
Package graphics Info: Driver file: pdftex.def on input line 107.

(/usr/share/texlive/texmf-dist/tex/latex/graphics-def/pdftex.def
File: pdftex.def 2022/09/22 v1.2b Graphics/color driver for pdftex
))
\Gin@req@height=\dimen172
\Gin@req@width=\dimen173
)
(/usr/share/texlive/texmf-dist/tex/latex/caption/subcaption.sty
Package: subcaption 2023/02/19 v1.6 Sub-captions (AR)

(/usr/share/texlive/texmf-dist/tex/latex/caption/caption.sty
Package: caption 2023/03/12 v3.6j Customizing captions (AR)

(/usr/share/texlive/texmf-dist/tex/latex/caption/caption3.sty
Package: caption3 2023/03/12 v2.4 caption3 kernel (AR)
\caption@tempdima=\dimen174
\captionmargin=\dimen175
\caption@leftmargin=\dimen176
\caption@rightmargin=\dimen177
\caption@width=\dimen178
\caption@indent=\dimen179
\caption@parindent=\dimen180
\caption@hangindent=\dimen181
Package caption Info: Standard document class detected.
)
\c@caption@flags=\count293
\c@continuedfloat=\count294
Package caption Info: hyperref package is loaded.
)
Package caption Info: New subtype `subfigure' on input line 239.
\c@subfigure=\count295
Package caption Info: New subtype `subtable' on input line 239.
\c@subtable=\count296
)
(/usr/share/texlive/texmf-dist/tex/latex/float/float.sty
Package: float 2001/11/08 v1.3d Float enhancements (AL)
\c@float@type=\count297
\float@exts=\toks24
\float@box=\box54
\@float@everytoks=\toks25
\@floatcapt=\box55
)
(/usr/share/texlive/texmf-dist/tex/latex/l3backend/l3backend-pdftex.def
File: l3backend-pdftex.def 2023-04-19 L3 backend support: PDF output (pdfTeX)
\l__color_backend_stack_int=\count298
\l__pdf_internal_box=\box56
)
(./main.aux

LaTeX Warning: Label `eq:flow-rate-second' multiply defined.


LaTeX Warning: Label `eq:symmetry-of-b' multiply defined.


LaTeX Warning: Label `fig:invasion-result1' multiply defined.

)
\openout1 = `main.aux'.

LaTeX Font Info:    Checking defaults for OML/cmm/m/it on input line 33.
LaTeX Font Info:    ... okay on input line 33.
LaTeX Font Info:    Checking defaults for OMS/cmsy/m/n on input line 33.
LaTeX Font Info:    ... okay on input line 33.
LaTeX Font Info:    Checking defaults for OT1/cmr/m/n on input line 33.
LaTeX Font Info:    ... okay on input line 33.
LaTeX Font Info:    Checking defaults for T1/cmr/m/n on input line 33.
LaTeX Font Info:    ... okay on input line 33.
LaTeX Font Info:    Checking defaults for TS1/cmr/m/n on input line 33.
LaTeX Font Info:    ... okay on input line 33.
LaTeX Font Info:    Checking defaults for OMX/cmex/m/n on input line 33.
LaTeX Font Info:    ... okay on input line 33.
LaTeX Font Info:    Checking defaults for U/cmr/m/n on input line 33.
LaTeX Font Info:    ... okay on input line 33.
LaTeX Font Info:    Checking defaults for PD1/pdf/m/n on input line 33.
LaTeX Font Info:    ... okay on input line 33.
LaTeX Font Info:    Checking defaults for PU/pdf/m/n on input line 33.
LaTeX Font Info:    ... okay on input line 33.

*geometry* driver: auto-detecting
*geometry* detected driver: pdftex
*geometry* verbose mode - [ preamble ] result:
* driver: pdftex
* paper: a4paper
* layout: <same size as paper>
* layoutoffset:(h,v)=(0.0pt,0.0pt)
* modes: 
* h-part:(L,W,R)=(71.13188pt, 483.69687pt, 42.67912pt)
* v-part:(T,H,B)=(71.13188pt, 702.78308pt, 71.13188pt)
* \paperwidth=597.50787pt
* \paperheight=845.04684pt
* \textwidth=483.69687pt
* \textheight=702.78308pt
* \oddsidemargin=-1.1381pt
* \evensidemargin=-1.1381pt
* \topmargin=-38.1381pt
* \headheight=12.0pt
* \headsep=25.0pt
* \topskip=12.0pt
* \footskip=30.0pt
* \marginparwidth=44.0pt
* \marginparsep=10.0pt
* \columnsep=10.0pt
* \skip\footins=10.8pt plus 4.0pt minus 2.0pt
* \hoffset=0.0pt
* \voffset=0.0pt
* \mag=1000
* \@twocolumnfalse
* \@twosidefalse
* \@mparswitchfalse
* \@reversemarginfalse
* (1in=72.27pt=25.4mm, 1cm=28.453pt)

Package hyperref Info: Link coloring OFF on input line 33.
(./main.out) (./main.out)
\@outlinefile=\write3
\openout3 = `main.out'.


(/usr/share/texlive/texmf-dist/tex/context/base/mkii/supp-pdf.mkii
[Loading MPS to PDF converter (version 2006.09.02).]
\scratchcounter=\count299
\scratchdimen=\dimen182
\scratchbox=\box57
\nofMPsegments=\count300
\nofMParguments=\count301
\everyMPshowfont=\toks26
\MPscratchCnt=\count302
\MPscratchDim=\dimen183
\MPnumerator=\count303
\makeMPintoPDFobject=\count304
\everyMPtoPDFconversion=\toks27
) (/usr/share/texlive/texmf-dist/tex/latex/epstopdf-pkg/epstopdf-base.sty
Package: epstopdf-base 2020-01-24 v2.11 Base part for package epstopdf
Package epstopdf-base Info: Redefining graphics rule for `.eps' on input line 4
85.

(/usr/share/texlive/texmf-dist/tex/latex/latexconfig/epstopdf-sys.cfg
File: epstopdf-sys.cfg 2010/07/13 v1.3 Configuration of (r)epstopdf for TeX Liv
e
))
Package caption Info: Begin \AtBeginDocument code.
Package caption Info: float package is loaded.
Package caption Info: End \AtBeginDocument code.

(./sections/01abstract.tex) (./sections/02introduction.tex [1

{/var/lib/texmf/fonts/map/pdftex/updmap/pdftex.map}] [2]) (./sections/03theory.
tex
<figures/fig_descp-of-model.png, id=145, 2891.5227pt x 2048.8545pt>
File: figures/fig_descp-of-model.png Graphic file (type png)
<use figures/fig_descp-of-model.png>
Package pdftex.def Info: figures/fig_descp-of-model.png  used on input line 7.
(pdftex.def)             Requested size: 266.03474pt x 188.48439pt.
<figures/fig_simple-5-nodes.png, id=147, 1047.915pt x 967.615pt>
File: figures/fig_simple-5-nodes.png Graphic file (type png)
<use figures/fig_simple-5-nodes.png>
Package pdftex.def Info: figures/fig_simple-5-nodes.png  used on input line 13.

(pdftex.def)             Requested size: 193.47578pt x 178.63686pt.
 [3] [4 <./figures/fig_descp-of-model.png> <./figures/fig_simple-5-nodes.png (P
NG copy)>]
<figures/fig_distributing_phases_initial.png, id=170, 805.0075pt x 633.36626pt>

File: figures/fig_distributing_phases_initial.png Graphic file (type png)
<use figures/fig_distributing_phases_initial.png>
Package pdftex.def Info: figures/fig_distributing_phases_initial.png  used on i
nput line 83.
(pdftex.def)             Requested size: 217.66211pt x 171.25278pt.

[5]
<figures/fig_distributing_phases_intermediary.png, id=186, 800.9925pt x 618.31p
t>
File: figures/fig_distributing_phases_intermediary.png Graphic file (type png)
<use figures/fig_distributing_phases_intermediary.png>
Package pdftex.def Info: figures/fig_distributing_phases_intermediary.png  used
 on input line 98.
(pdftex.def)             Requested size: 232.17242pt x 179.2204pt.
<figures/fig_distributing_phases_final.png, id=187, 698.61pt x 519.9425pt>
File: figures/fig_distributing_phases_final.png Graphic file (type png)
<use figures/fig_distributing_phases_final.png>
Package pdftex.def Info: figures/fig_distributing_phases_final.png  used on inp
ut line 103.
(pdftex.def)             Requested size: 203.1518pt x 151.19202pt.

Underfull \hbox (badness 5374) in paragraph at lines 104--104
[]\OT1/cmr/m/n/10.95 (b) |Fi-nal tube con-fig-u-ra-tion with 3
 []

[6 <./figures/fig_distributing_phases_initial.png (PNG copy)> <./figures/fig_di
stributing_phases_intermediary.png> <./figures/fig_distributing_phases_final.pn
g (PNG copy)>]
<figures/fig_center-of-mass_1.png, id=197, 1107.13625pt x 317.185pt>
File: figures/fig_center-of-mass_1.png Graphic file (type png)
<use figures/fig_center-of-mass_1.png>
Package pdftex.def Info: figures/fig_center-of-mass_1.png  used on input line 1
21.
(pdftex.def)             Requested size: 386.95897pt x 110.85669pt.
 [7 <./figures/fig_center-of-mass_1.png>]
<figures/fig_center-of-mass_final.png, id=211, 514.92375pt x 304.13625pt>
File: figures/fig_center-of-mass_final.png Graphic file (type png)
<use figures/fig_center-of-mass_final.png>
Package pdftex.def Info: figures/fig_center-of-mass_final.png  used on input li
ne 163.
(pdftex.def)             Requested size: 193.47578pt x 114.27356pt.
<figures/fig_center-of-mass_2.png, id=212, 1151.30125pt x 376.40625pt>
File: figures/fig_center-of-mass_2.png Graphic file (type png)
<use figures/fig_center-of-mass_2.png>
Package pdftex.def Info: figures/fig_center-of-mass_2.png  used on input line 1
80.
(pdftex.def)             Requested size: 435.32422pt x 142.32365pt.
 [8 <./figures/fig_center-of-mass_final.png> <./figures/fig_center-of-mass_2.pn
g>]
<figures/fig_capillary_pressure_in_tube_1mns_blue.png, id=227, 1065.9825pt x 44
7.6725pt>
File: figures/fig_capillary_pressure_in_tube_1mns_blue.png Graphic file (type p
ng)
<use figures/fig_capillary_pressure_in_tube_1mns_blue.png>
Package pdftex.def Info: figures/fig_capillary_pressure_in_tube_1mns_blue.png  
used on input line 206.
(pdftex.def)             Requested size: 203.25446pt x 85.35826pt.
 [9 <./figures/fig_capillary_pressure_in_tube_1mns_blue.png>]
<figures/fig_capillary_pressure_in_tube_3mns.png, id=246, 1121.18875pt x 480.79
625pt>
File: figures/fig_capillary_pressure_in_tube_3mns.png Graphic file (type png)
<use figures/fig_capillary_pressure_in_tube_3mns.png>
Package pdftex.def Info: figures/fig_capillary_pressure_in_tube_3mns.png  used 
on input line 260.
(pdftex.def)             Requested size: 199.05089pt x 85.35826pt.
 [10 <./figures/fig_capillary_pressure_in_tube_3mns.png>]
<figures/fig_capillary_pressure_in_tube_1mns_grey.png, id=263, 1030.85126pt x 4
52.69125pt>
File: figures/fig_capillary_pressure_in_tube_1mns_grey.png Graphic file (type p
ng)
<use figures/fig_capillary_pressure_in_tube_1mns_grey.png>
Package pdftex.def Info: figures/fig_capillary_pressure_in_tube_1mns_grey.png  
used on input line 309.
(pdftex.def)             Requested size: 217.66211pt x 95.57912pt.
<figures/fig_capillary_pressure_in_tube_2mns.png, id=264, 1089.06876pt x 452.69
125pt>
File: figures/fig_capillary_pressure_in_tube_2mns.png Graphic file (type png)
<use figures/fig_capillary_pressure_in_tube_2mns.png>
Package pdftex.def Info: figures/fig_capillary_pressure_in_tube_2mns.png  used 
on input line 316.
(pdftex.def)             Requested size: 232.17242pt x 96.50471pt.
 [11{/usr/share/texmf/fonts/enc/dvips/cm-super/cm-super-ts1.enc} <./figures/fig
_capillary_pressure_in_tube_1mns_grey.png> <./figures/fig_capillary_pressure_in
_tube_2mns.png>]) (./sections/04model.tex [12]
<figures/fig_initial-fill-distribution.png, id=311, 753.81625pt x 528.97626pt>
File: figures/fig_initial-fill-distribution.png Graphic file (type png)
<use figures/fig_initial-fill-distribution.png>
Package pdftex.def Info: figures/fig_initial-fill-distribution.png  used on inp
ut line 84.
(pdftex.def)             Requested size: 227.3381pt x 159.52547pt.
<figures/fig_final-fill-distribution.png, id=312, 782.925pt x 527.9725pt>
File: figures/fig_final-fill-distribution.png Graphic file (type png)
<use figures/fig_final-fill-distribution.png>
Package pdftex.def Info: figures/fig_final-fill-distribution.png  used on input
 line 90.
(pdftex.def)             Requested size: 227.3381pt x 153.30145pt.
 [13 <./figures/fig_initial-fill-distribution.png> <./figures/fig_final-fill-di
stribution.png>]
<figures/fig_zero-linearequation.png, id=335, 826.08624pt x 622.325pt>
File: figures/fig_zero-linearequation.png Graphic file (type png)
<use figures/fig_zero-linearequation.png>
Package pdftex.def Info: figures/fig_zero-linearequation.png  used on input lin
e 106.
(pdftex.def)             Requested size: 151.07146pt x 113.81102pt.
 [14 <./figures/fig_zero-linearequation.png>]
<figures/fig_test_dist_th01.png, id=350, 652.4375pt x 567.11874pt>
File: figures/fig_test_dist_th01.png Graphic file (type png)
<use figures/fig_test_dist_th01.png>
Package pdftex.def Info: figures/fig_test_dist_th01.png  used on input line 180
.
(pdftex.def)             Requested size: 203.1518pt x 176.5838pt.
<figures/fig_test_dist_tn01.png, id=351, 584.1825pt x 580.1675pt>
File: figures/fig_test_dist_tn01.png Graphic file (type png)
<use figures/fig_test_dist_tn01.png>
Package pdftex.def Info: figures/fig_test_dist_tn01.png  used on input line 185
.
(pdftex.def)             Requested size: 193.47578pt x 192.14636pt.
<figures/fig_test_dist_th04.png, id=352, 643.40375pt x 573.14125pt>
File: figures/fig_test_dist_th04.png Graphic file (type png)
<use figures/fig_test_dist_th04.png>
Package pdftex.def Info: figures/fig_test_dist_th04.png  used on input line 198
.
(pdftex.def)             Requested size: 203.1518pt x 180.96896pt.
<figures/fig_test_dist_tn04.png, id=353, 575.14874pt x 579.16376pt>
File: figures/fig_test_dist_tn04.png Graphic file (type png)
<use figures/fig_test_dist_tn04.png>
Package pdftex.def Info: figures/fig_test_dist_tn04.png  used on input line 203
.
(pdftex.def)             Requested size: 193.47578pt x 194.82745pt.
 [15 <./figures/fig_test_dist_th01.png> <./figures/fig_test_dist_tn01.png>]) (.
/sections/05result.tex
<figures/fig_result10by10_1.png, id=364, 740.7675pt x 740.7675pt>
File: figures/fig_result10by10_1.png Graphic file (type png)
<use figures/fig_result10by10_1.png>
Package pdftex.def Info: figures/fig_result10by10_1.png  used on input line 4.
(pdftex.def)             Requested size: 227.61227pt x 227.62204pt.
 [16 <./figures/fig_test_dist_th04.png> <./figures/fig_test_dist_tn04.png> <./f
igures/fig_result10by10_1.png>]
<figures/fig_result26by26_1.png, id=374, 821.0675pt x 815.045pt>
File: figures/fig_result26by26_1.png Graphic file (type png)
<use figures/fig_result26by26_1.png>
Package pdftex.def Info: figures/fig_result26by26_1.png  used on input line 25.

(pdftex.def)             Requested size: 222.5038pt x 220.86102pt.
<figures/fig_result26by26_4.png, id=375, 830.10126pt x 816.04875pt>
File: figures/fig_result26by26_4.png Graphic file (type png)
<use figures/fig_result26by26_4.png>
Package pdftex.def Info: figures/fig_result26by26_4.png  used on input line 30.

(pdftex.def)             Requested size: 222.5038pt x 218.72981pt.
 [17 <./figures/fig_result26by26_1.png> <./figures/fig_result26by26_4.png>]
<figures/fig_plot-sat-vs-time2.png, id=383, 605.26125pt x 389.455pt>
File: figures/fig_plot-sat-vs-time2.png Graphic file (type png)
<use figures/fig_plot-sat-vs-time2.png>
Package pdftex.def Info: figures/fig_plot-sat-vs-time2.png  used on input line 
45.
(pdftex.def)             Requested size: 338.58632pt x 217.86154pt.
 [18 <./figures/fig_plot-sat-vs-time2.png>]
<figures/201-initial-exp.png, id=391, 806.01125pt x 791.95876pt>
File: figures/201-initial-exp.png Graphic file (type png)
<use figures/201-initial-exp.png>
Package pdftex.def Info: figures/201-initial-exp.png  used on input line 70.
(pdftex.def)             Requested size: 222.5038pt x 218.61711pt.
<figures/202-final-exp.png, id=392, 806.01125pt x 791.95876pt>
File: figures/202-final-exp.png Graphic file (type png)
<use figures/202-final-exp.png>
Package pdftex.def Info: figures/202-final-exp.png  used on input line 75.
(pdftex.def)             Requested size: 222.5038pt x 218.61711pt.
 [19]
<figures/210-exp-2-table.png, id=398, 744.7825pt x 526.96875pt>
File: figures/210-exp-2-table.png Graphic file (type png)
<use figures/210-exp-2-table.png>
Package pdftex.def Info: figures/210-exp-2-table.png  used on input line 83.
(pdftex.def)             Requested size: 290.22107pt x 205.34811pt.
<figures/203-volume-occupied-by-different-radii.png, id=399, 366.36874pt x 308.
15125pt>
File: figures/203-volume-occupied-by-different-radii.png Graphic file (type png
)
<use figures/203-volume-occupied-by-different-radii.png>
Package pdftex.def Info: figures/203-volume-occupied-by-different-radii.png  us
ed on input line 90.
(pdftex.def)             Requested size: 290.22107pt x 244.11859pt.
 [20 <./figures/201-initial-exp.png> <./figures/202-final-exp.png> <./figures/2
10-exp-2-table.png>]
<figures/204-saturation-vs-time.png, id=409, 503.8825pt x 389.455pt>
File: figures/204-saturation-vs-time.png Graphic file (type png)
<use figures/204-saturation-vs-time.png>
Package pdftex.def Info: figures/204-saturation-vs-time.png  used on input line
 97.
(pdftex.def)             Requested size: 386.95897pt x 299.08496pt.
<figures/205-average-capillary-pressure.png, id=410, 398.48875pt x 302.12875pt>

File: figures/205-average-capillary-pressure.png Graphic file (type png)
<use figures/205-average-capillary-pressure.png>
Package pdftex.def Info: figures/205-average-capillary-pressure.png  used on in
put line 104.
(pdftex.def)             Requested size: 290.22107pt x 220.04964pt.
 [21 <./figures/203-volume-occupied-by-different-radii.png> <./figures/204-satu
ration-vs-time.png>]
<figures/206-main-reference.png, id=419, 522.95375pt x 487.8225pt>
File: figures/206-main-reference.png Graphic file (type png)
<use figures/206-main-reference.png>
Package pdftex.def Info: figures/206-main-reference.png  used on input line 111
.
(pdftex.def)             Requested size: 193.47578pt x 180.47661pt.
<figures/207-cap-pressure-tube.png, id=422, 559.08875pt x 341.275pt>
File: figures/207-cap-pressure-tube.png Graphic file (type png)
<use figures/207-cap-pressure-tube.png>
Package pdftex.def Info: figures/207-cap-pressure-tube.png  used on input line 
118.
(pdftex.def)             Requested size: 459.51054pt x 280.50343pt.
 [22 <./figures/205-average-capillary-pressure.png> <./figures/206-main-referen
ce.png>]
<figures/208-cap-pressure-for-different-experiments.png, id=431, 952.55875pt x 
470.75874pt>
File: figures/208-cap-pressure-for-different-experiments.png Graphic file (type
 png)
<use figures/208-cap-pressure-for-different-experiments.png>
Package pdftex.def Info: figures/208-cap-pressure-for-different-experiments.png
  used on input line 125.
(pdftex.def)             Requested size: 483.69687pt x 239.04941pt.
) [23 <./figures/207-cap-pressure-tube.png> <./figures/208-cap-pressure-for-dif
ferent-experiments.png>]
(./sections/06conclusion.tex) (./main.bbl [24] [25]) [26] (./main.aux)
 ***********
LaTeX2e <2023-06-01>
L3 programming layer <2023-06-05>
 ***********


LaTeX Warning: There were multiply-defined labels.

Package rerunfilecheck Info: File `main.out' has not changed.
(rerunfilecheck)             Checksum: F96715271F0E2624AB4EC096FB685EDB;5309.
 ) 
Here is how much of TeX's memory you used:
 12510 strings out of 475735
 208872 string characters out of 5784785
 1865759 words of memory out of 5000000
 32905 multiletter control sequences out of 15000+600000
 522208 words of font info for 65 fonts, out of 8000000 for 9000
 1141 hyphenation exceptions out of 8191
 70i,12n,79p,1865b,635s stack positions out of 10000i,1000n,20000p,200000b,200000s
</usr/share/texlive/texmf-dist/fonts/type1/public/amsfonts/cm/cmbx10.pfb></us
r/share/texlive/texmf-dist/fonts/type1/public/amsfonts/cm/cmbx12.pfb></usr/shar
e/texlive/texmf-dist/fonts/type1/public/amsfonts/cm/cmex10.pfb></usr/share/texl
ive/texmf-dist/fonts/type1/public/amsfonts/cm/cmmi10.pfb></usr/share/texlive/te
xmf-dist/fonts/type1/public/amsfonts/cm/cmmi12.pfb></usr/share/texlive/texmf-di
st/fonts/type1/public/amsfonts/cm/cmmi6.pfb></usr/share/texlive/texmf-dist/font
s/type1/public/amsfonts/cm/cmmi8.pfb></usr/share/texlive/texmf-dist/fonts/type1
/public/amsfonts/cm/cmr10.pfb></usr/share/texlive/texmf-dist/fonts/type1/public
/amsfonts/cm/cmr12.pfb></usr/share/texlive/texmf-dist/fonts/type1/public/amsfon
ts/cm/cmr17.pfb></usr/share/texlive/texmf-dist/fonts/type1/public/amsfonts/cm/c
mr8.pfb></usr/share/texlive/texmf-dist/fonts/type1/public/amsfonts/cm/cmsy10.pf
b></usr/share/texlive/texmf-dist/fonts/type1/public/amsfonts/cm/cmsy6.pfb></usr
/share/texlive/texmf-dist/fonts/type1/public/amsfonts/cm/cmsy8.pfb></usr/share/
texlive/texmf-dist/fonts/type1/public/amsfonts/cm/cmti12.pfb></usr/share/texliv
e/texmf-dist/fonts/type1/public/amsfonts/cm/cmtt12.pfb></usr/share/texmf/fonts/
type1/public/cm-super/sfrm1200.pfb>
Output written on main.pdf (26 pages, 1721683 bytes).
PDF statistics:
 605 PDF objects out of 1000 (max. 8388607)
 476 compressed objects within 5 object streams
 199 named destinations out of 1000 (max. 500000)
 369 words of extra memory for PDF output out of 10000 (max. 10000000)

