This is pdfTeX, Version 3.14159265-2.6-1.40.20 (TeX Live 2019/Debian) (preloaded format=pdflatex 2023.6.1)  19 SEP 2023 09:11
entering extended mode
 restricted \write18 enabled.
 %&-line parsing enabled.
**main
(./main.tex
LaTeX2e <2020-02-02> patch level 2
L3 programming layer <2020-02-14>
(/usr/share/texlive/texmf-dist/tex/latex/base/article.cls
Document Class: article 2019/12/20 v1.4l Standard LaTeX document class
(/usr/share/texlive/texmf-dist/tex/latex/base/size12.clo
File: size12.clo 2019/12/20 v1.4l Standard LaTeX file (size option)
)
\c@part=\count167
\c@section=\count168
\c@subsection=\count169
\c@subsubsection=\count170
\c@paragraph=\count171
\c@subparagraph=\count172
\c@figure=\count173
\c@table=\count174
\abovecaptionskip=\skip47
\belowcaptionskip=\skip48
\bibindent=\dimen134
)
(/usr/share/texlive/texmf-dist/tex/latex/geometry/geometry.sty
Package: geometry 2020/01/02 v5.9 Page Geometry

(/usr/share/texlive/texmf-dist/tex/latex/graphics/keyval.sty
Package: keyval 2014/10/28 v1.15 key=value parser (DPC)
\KV@toks@=\toks14
)
(/usr/share/texlive/texmf-dist/tex/generic/iftex/ifvtex.sty
Package: ifvtex 2019/10/25 v1.7 ifvtex legacy package. Use iftex instead.

(/usr/share/texlive/texmf-dist/tex/generic/iftex/iftex.sty
Package: iftex 2019/11/07 v1.0c TeX engine tests
))
\Gm@cnth=\count175
\Gm@cntv=\count176
\c@Gm@tempcnt=\count177
\Gm@bindingoffset=\dimen135
\Gm@wd@mp=\dimen136
\Gm@odd@mp=\dimen137
\Gm@even@mp=\dimen138
\Gm@layoutwidth=\dimen139
\Gm@layoutheight=\dimen140
\Gm@layouthoffset=\dimen141
\Gm@layoutvoffset=\dimen142
\Gm@dimlist=\toks15
)
(/usr/share/texlive/texmf-dist/tex/latex/parskip/parskip.sty
Package: parskip 2020-01-22 v2.0d non-zero parskip adjustments

(/usr/share/texlive/texmf-dist/tex/latex/kvoptions/kvoptions.sty
Package: kvoptions 2019/11/29 v3.13 Key value format for package options (HO)

(/usr/share/texlive/texmf-dist/tex/generic/ltxcmds/ltxcmds.sty
Package: ltxcmds 2019/12/15 v1.24 LaTeX kernel commands for general use (HO)
)
(/usr/share/texlive/texmf-dist/tex/generic/kvsetkeys/kvsetkeys.sty
Package: kvsetkeys 2019/12/15 v1.18 Key value parser (HO)
))
(/usr/share/texlive/texmf-dist/tex/latex/etoolbox/etoolbox.sty
Package: etoolbox 2019/09/21 v2.5h e-TeX tools for LaTeX (JAW)
\etb@tempcnta=\count178
))
(/usr/share/texlive/texmf-dist/tex/latex/mathtools/mathtools.sty
Package: mathtools 2020/01/17 v1.23 mathematical typesetting tools

(/usr/share/texlive/texmf-dist/tex/latex/tools/calc.sty
Package: calc 2017/05/25 v4.3 Infix arithmetic (KKT,FJ)
\calc@Acount=\count179
\calc@Bcount=\count180
\calc@Adimen=\dimen143
\calc@Bdimen=\dimen144
\calc@Askip=\skip49
\calc@Bskip=\skip50
LaTeX Info: Redefining \setlength on input line 80.
LaTeX Info: Redefining \addtolength on input line 81.
\calc@Ccount=\count181
\calc@Cskip=\skip51
)
(/usr/share/texlive/texmf-dist/tex/latex/mathtools/mhsetup.sty
Package: mhsetup 2017/03/31 v1.3 programming setup (MH)
)
(/usr/share/texlive/texmf-dist/tex/latex/amsmath/amsmath.sty
Package: amsmath 2020/01/20 v2.17e AMS math features
\@mathmargin=\skip52

For additional information on amsmath, use the `?' option.
(/usr/share/texlive/texmf-dist/tex/latex/amsmath/amstext.sty
Package: amstext 2000/06/29 v2.01 AMS text

(/usr/share/texlive/texmf-dist/tex/latex/amsmath/amsgen.sty
File: amsgen.sty 1999/11/30 v2.0 generic functions
\@emptytoks=\toks16
\ex@=\dimen145
))
(/usr/share/texlive/texmf-dist/tex/latex/amsmath/amsbsy.sty
Package: amsbsy 1999/11/29 v1.2d Bold Symbols
\pmbraise@=\dimen146
)
(/usr/share/texlive/texmf-dist/tex/latex/amsmath/amsopn.sty
Package: amsopn 2016/03/08 v2.02 operator names
)
\inf@bad=\count182
LaTeX Info: Redefining \frac on input line 227.
\uproot@=\count183
\leftroot@=\count184
LaTeX Info: Redefining \overline on input line 389.
\classnum@=\count185
\DOTSCASE@=\count186
LaTeX Info: Redefining \ldots on input line 486.
LaTeX Info: Redefining \dots on input line 489.
LaTeX Info: Redefining \cdots on input line 610.
\Mathstrutbox@=\box45
\strutbox@=\box46
\big@size=\dimen147
LaTeX Font Info:    Redeclaring font encoding OML on input line 733.
LaTeX Font Info:    Redeclaring font encoding OMS on input line 734.
\macc@depth=\count187
\c@MaxMatrixCols=\count188
\dotsspace@=\muskip16
\c@parentequation=\count189
\dspbrk@lvl=\count190
\tag@help=\toks17
\row@=\count191
\column@=\count192
\maxfields@=\count193
\andhelp@=\toks18
\eqnshift@=\dimen148
\alignsep@=\dimen149
\tagshift@=\dimen150
\tagwidth@=\dimen151
\totwidth@=\dimen152
\lineht@=\dimen153
\@envbody=\toks19
\multlinegap=\skip53
\multlinetaggap=\skip54
\mathdisplay@stack=\toks20
LaTeX Info: Redefining \[ on input line 2859.
LaTeX Info: Redefining \] on input line 2860.
)
LaTeX Info: Thecontrolsequence`\('isalreadyrobust on input line 129.
LaTeX Info: Thecontrolsequence`\)'isalreadyrobust on input line 129.
LaTeX Info: Thecontrolsequence`\['isalreadyrobust on input line 129.
LaTeX Info: Thecontrolsequence`\]'isalreadyrobust on input line 129.
\g_MT_multlinerow_int=\count194
\l_MT_multwidth_dim=\dimen154
\origjot=\skip55
\l_MT_shortvdotswithinadjustabove_dim=\dimen155
\l_MT_shortvdotswithinadjustbelow_dim=\dimen156
\l_MT_above_intertext_sep=\dimen157
\l_MT_below_intertext_sep=\dimen158
\l_MT_above_shortintertext_sep=\dimen159
\l_MT_below_shortintertext_sep=\dimen160
)
(/usr/share/texlive/texmf-dist/tex/latex/hyperref/hyperref.sty
Package: hyperref 2020/01/14 v7.00d Hypertext links for LaTeX

(/usr/share/texlive/texmf-dist/tex/latex/pdftexcmds/pdftexcmds.sty
Package: pdftexcmds 2019/11/24 v0.31 Utility functions of pdfTeX for LuaTeX (HO
)

(/usr/share/texlive/texmf-dist/tex/generic/infwarerr/infwarerr.sty
Package: infwarerr 2019/12/03 v1.5 Providing info/warning/error messages (HO)
)
Package pdftexcmds Info: \pdf@primitive is available.
Package pdftexcmds Info: \pdf@ifprimitive is available.
Package pdftexcmds Info: \pdfdraftmode found.
)
(/usr/share/texlive/texmf-dist/tex/generic/kvdefinekeys/kvdefinekeys.sty
Package: kvdefinekeys 2019-12-19 v1.6 Define keys (HO)
)
(/usr/share/texlive/texmf-dist/tex/generic/pdfescape/pdfescape.sty
Package: pdfescape 2019/12/09 v1.15 Implements pdfTeX's escape features (HO)
)
(/usr/share/texlive/texmf-dist/tex/latex/hycolor/hycolor.sty
Package: hycolor 2020-01-27 v1.10 Color options for hyperref/bookmark (HO)
)
(/usr/share/texlive/texmf-dist/tex/latex/letltxmacro/letltxmacro.sty
Package: letltxmacro 2019/12/03 v1.6 Let assignment for LaTeX macros (HO)
)
(/usr/share/texlive/texmf-dist/tex/latex/auxhook/auxhook.sty
Package: auxhook 2019-12-17 v1.6 Hooks for auxiliary files (HO)
)
\@linkdim=\dimen161
\Hy@linkcounter=\count195
\Hy@pagecounter=\count196

(/usr/share/texlive/texmf-dist/tex/latex/hyperref/pd1enc.def
File: pd1enc.def 2020/01/14 v7.00d Hyperref: PDFDocEncoding definition (HO)
Now handling font encoding PD1 ...
... no UTF-8 mapping file for font encoding PD1
)
(/usr/share/texlive/texmf-dist/tex/generic/intcalc/intcalc.sty
Package: intcalc 2019/12/15 v1.3 Expandable calculations with integers (HO)
)
(/usr/share/texlive/texmf-dist/tex/generic/etexcmds/etexcmds.sty
Package: etexcmds 2019/12/15 v1.7 Avoid name clashes with e-TeX commands (HO)
)
\Hy@SavedSpaceFactor=\count197
\pdfmajorversion=\count198
Package hyperref Info: Hyper figures OFF on input line 4547.
Package hyperref Info: Link nesting OFF on input line 4552.
Package hyperref Info: Hyper index ON on input line 4555.
Package hyperref Info: Plain pages OFF on input line 4562.
Package hyperref Info: Backreferencing OFF on input line 4567.
Package hyperref Info: Implicit mode ON; LaTeX internals redefined.
Package hyperref Info: Bookmarks ON on input line 4800.
\c@Hy@tempcnt=\count199

(/usr/share/texlive/texmf-dist/tex/latex/url/url.sty
\Urlmuskip=\muskip17
Package: url 2013/09/16  ver 3.4  Verb mode for urls, etc.
)
LaTeX Info: Redefining \url on input line 5159.
\XeTeXLinkMargin=\dimen162

(/usr/share/texlive/texmf-dist/tex/generic/bitset/bitset.sty
Package: bitset 2019/12/09 v1.3 Handle bit-vector datatype (HO)

(/usr/share/texlive/texmf-dist/tex/generic/bigintcalc/bigintcalc.sty
Package: bigintcalc 2019/12/15 v1.5 Expandable calculations on big integers (HO
)
))
\Fld@menulength=\count266
\Field@Width=\dimen163
\Fld@charsize=\dimen164
Package hyperref Info: Hyper figures OFF on input line 6430.
Package hyperref Info: Link nesting OFF on input line 6435.
Package hyperref Info: Hyper index ON on input line 6438.
Package hyperref Info: backreferencing OFF on input line 6445.
Package hyperref Info: Link coloring OFF on input line 6450.
Package hyperref Info: Link coloring with OCG OFF on input line 6455.
Package hyperref Info: PDF/A mode OFF on input line 6460.
LaTeX Info: Redefining \ref on input line 6500.
LaTeX Info: Redefining \pageref on input line 6504.

(/usr/share/texlive/texmf-dist/tex/generic/atbegshi/atbegshi.sty
Package: atbegshi 2019/12/05 v1.19 At begin shipout hook (HO)
)
\Hy@abspage=\count267
\c@Item=\count268
\c@Hfootnote=\count269
)
Package hyperref Info: Driver (autodetected): hpdftex.

(/usr/share/texlive/texmf-dist/tex/latex/hyperref/hpdftex.def
File: hpdftex.def 2020/01/14 v7.00d Hyperref driver for pdfTeX

(/usr/share/texlive/texmf-dist/tex/latex/atveryend/atveryend.sty
Package: atveryend 2019-12-11 v1.11 Hooks at the very end of document (HO)
)
\Fld@listcount=\count270
\c@bookmark@seq@number=\count271

(/usr/share/texlive/texmf-dist/tex/latex/rerunfilecheck/rerunfilecheck.sty
Package: rerunfilecheck 2019/12/05 v1.9 Rerun checks for auxiliary files (HO)

(/usr/share/texlive/texmf-dist/tex/generic/uniquecounter/uniquecounter.sty
Package: uniquecounter 2019/12/15 v1.4 Provide unlimited unique counter (HO)
)
Package uniquecounter Info: New unique counter `rerunfilecheck' on input line 2
86.
)
\Hy@SectionHShift=\skip56
)
(/usr/share/texlive/texmf-dist/tex/latex/preprint/authblk.sty
Package: authblk 2001/02/27 1.3 (PWD)
\affilsep=\skip57
\@affilsep=\skip58
\c@Maxaffil=\count272
\c@authors=\count273
\c@affil=\count274
)
(/usr/share/texlive/texmf-dist/tex/latex/graphics/graphicx.sty
Package: graphicx 2019/11/30 v1.2a Enhanced LaTeX Graphics (DPC,SPQR)

(/usr/share/texlive/texmf-dist/tex/latex/graphics/graphics.sty
Package: graphics 2019/11/30 v1.4a Standard LaTeX Graphics (DPC,SPQR)

(/usr/share/texlive/texmf-dist/tex/latex/graphics/trig.sty
Package: trig 2016/01/03 v1.10 sin cos tan (DPC)
)
(/usr/share/texlive/texmf-dist/tex/latex/graphics-cfg/graphics.cfg
File: graphics.cfg 2016/06/04 v1.11 sample graphics configuration
)
Package graphics Info: Driver file: pdftex.def on input line 105.

(/usr/share/texlive/texmf-dist/tex/latex/graphics-def/pdftex.def
File: pdftex.def 2018/01/08 v1.0l Graphics/color driver for pdftex
))
\Gin@req@height=\dimen165
\Gin@req@width=\dimen166
)
(/usr/share/texlive/texmf-dist/tex/latex/subfig/subfig.sty
Package: subfig 2005/06/28 ver: 1.3 subfig package

(/usr/share/texlive/texmf-dist/tex/latex/caption/caption.sty
Package: caption 2020/01/03 v3.4h Customizing captions (AR)

(/usr/share/texlive/texmf-dist/tex/latex/caption/caption3.sty
Package: caption3 2020/01/03 v1.8h caption3 kernel (AR)
Package caption3 Info: TeX engine: e-TeX on input line 61.
\captionmargin=\dimen167
\captionmargin@=\dimen168
\captionwidth=\dimen169
\caption@tempdima=\dimen170
\caption@indent=\dimen171
\caption@parindent=\dimen172
\caption@hangindent=\dimen173
Package caption Info: Standard document class detected.
)
\c@caption@flags=\count275
\c@continuedfloat=\count276
Package caption Info: hyperref package is loaded.
)
\c@KVtest=\count277
\sf@farskip=\skip59
\sf@captopadj=\dimen174
\sf@capskip=\skip60
\sf@nearskip=\skip61
\c@subfigure=\count278
\c@subfigure@save=\count279
\c@lofdepth=\count280
\c@subtable=\count281
\c@subtable@save=\count282
\c@lotdepth=\count283
\sf@top=\skip62
\sf@bottom=\skip63
)
(/usr/share/texlive/texmf-dist/tex/latex/float/float.sty
Package: float 2001/11/08 v1.3d Float enhancements (AL)
\c@float@type=\count284
\float@exts=\toks21
\float@box=\box47
\@float@everytoks=\toks22
\@floatcapt=\box48
)
(/usr/share/texlive/texmf-dist/tex/latex/l3backend/l3backend-pdfmode.def
File: l3backend-pdfmode.def 2020-02-03 L3 backend support: PDF mode
\l__kernel_color_stack_int=\count285
\l__pdf_internal_box=\box49
)
(./main.aux)
\openout1 = `main.aux'.

LaTeX Font Info:    Checking defaults for OML/cmm/m/it on input line 33.
LaTeX Font Info:    ... okay on input line 33.
LaTeX Font Info:    Checking defaults for OMS/cmsy/m/n on input line 33.
LaTeX Font Info:    ... okay on input line 33.
LaTeX Font Info:    Checking defaults for OT1/cmr/m/n on input line 33.
LaTeX Font Info:    ... okay on input line 33.
LaTeX Font Info:    Checking defaults for T1/cmr/m/n on input line 33.
LaTeX Font Info:    ... okay on input line 33.
LaTeX Font Info:    Checking defaults for TS1/cmr/m/n on input line 33.
LaTeX Font Info:    ... okay on input line 33.
LaTeX Font Info:    Checking defaults for OMX/cmex/m/n on input line 33.
LaTeX Font Info:    ... okay on input line 33.
LaTeX Font Info:    Checking defaults for U/cmr/m/n on input line 33.
LaTeX Font Info:    ... okay on input line 33.
LaTeX Font Info:    Checking defaults for PD1/pdf/m/n on input line 33.
LaTeX Font Info:    ... okay on input line 33.

*geometry* driver: auto-detecting
*geometry* detected driver: pdftex
*geometry* verbose mode - [ preamble ] result:
* driver: pdftex
* paper: a4paper
* layout: <same size as paper>
* layoutoffset:(h,v)=(0.0pt,0.0pt)
* modes: 
* h-part:(L,W,R)=(99.58464pt, 412.56497pt, 85.35826pt)
* v-part:(T,H,B)=(85.35826pt, 674.33032pt, 85.35826pt)
* \paperwidth=597.50787pt
* \paperheight=845.04684pt
* \textwidth=412.56497pt
* \textheight=674.33032pt
* \oddsidemargin=27.31465pt
* \evensidemargin=27.31465pt
* \topmargin=-23.91173pt
* \headheight=12.0pt
* \headsep=25.0pt
* \topskip=12.0pt
* \footskip=30.0pt
* \marginparwidth=44.0pt
* \marginparsep=10.0pt
* \columnsep=10.0pt
* \skip\footins=10.8pt plus 4.0pt minus 2.0pt
* \hoffset=0.0pt
* \voffset=0.0pt
* \mag=1000
* \@twocolumnfalse
* \@twosidefalse
* \@mparswitchfalse
* \@reversemarginfalse
* (1in=72.27pt=25.4mm, 1cm=28.453pt)

\AtBeginShipoutBox=\box50
Package hyperref Info: Link coloring OFF on input line 33.
(/usr/share/texlive/texmf-dist/tex/latex/hyperref/nameref.sty
Package: nameref 2019/09/16 v2.46 Cross-referencing by name of section

(/usr/share/texlive/texmf-dist/tex/latex/refcount/refcount.sty
Package: refcount 2019/12/15 v3.6 Data extraction from label references (HO)
)
(/usr/share/texlive/texmf-dist/tex/generic/gettitlestring/gettitlestring.sty
Package: gettitlestring 2019/12/15 v1.6 Cleanup title references (HO)
)
\c@section@level=\count286
)
LaTeX Info: Redefining \ref on input line 33.
LaTeX Info: Redefining \pageref on input line 33.
LaTeX Info: Redefining \nameref on input line 33.

(./main.out) (./main.out)
\@outlinefile=\write3
\openout3 = `main.out'.


(/usr/share/texlive/texmf-dist/tex/context/base/mkii/supp-pdf.mkii
[Loading MPS to PDF converter (version 2006.09.02).]
\scratchcounter=\count287
\scratchdimen=\dimen175
\scratchbox=\box51
\nofMPsegments=\count288
\nofMParguments=\count289
\everyMPshowfont=\toks23
\MPscratchCnt=\count290
\MPscratchDim=\dimen176
\MPnumerator=\count291
\makeMPintoPDFobject=\count292
\everyMPtoPDFconversion=\toks24
) (/usr/share/texlive/texmf-dist/tex/latex/epstopdf-pkg/epstopdf-base.sty
Package: epstopdf-base 2020-01-24 v2.11 Base part for package epstopdf
Package epstopdf-base Info: Redefining graphics rule for `.eps' on input line 4
85.

(/usr/share/texlive/texmf-dist/tex/latex/latexconfig/epstopdf-sys.cfg
File: epstopdf-sys.cfg 2010/07/13 v1.3 Configuration of (r)epstopdf for TeX Liv
e
))
Package caption Info: Begin \AtBeginDocument code.
Package caption Info: subfig package v1.3 is loaded.
Package caption Info: float package is loaded.
Package caption Info: End \AtBeginDocument code.

(./sections/01abstract.tex) (./sections/02introduction.tex
<figures/fig_capillary_flow_brick.jpg, id=139, 770.88pt x 442.0515pt>
File: figures/fig_capillary_flow_brick.jpg Graphic file (type jpg)
<use figures/fig_capillary_flow_brick.jpg>
Package pdftex.def Info: figures/fig_capillary_flow_brick.jpg  used on input li
ne 8.
(pdftex.def)             Requested size: 330.05322pt x 189.26227pt.
 [1

{/var/lib/texmf/fonts/map/pdftex/updmap/pdftex.map}]
<figures/fig_capact-of-water.png, id=155, 220.825pt x 295.1025pt>
File: figures/fig_capact-of-water.png Graphic file (type png)
<use figures/fig_capact-of-water.png>
Package pdftex.def Info: figures/fig_capact-of-water.png  used on input line 15
.
(pdftex.def)             Requested size: 123.77074pt x 165.40485pt.
 [2 <./figures/fig_capillary_flow_brick.jpg> <./figures/fig_capact-of-water.png
>] [3]) (./sections/03theory.tex
<figures/fig_flow-rate-pousielle-article.png, id=194, 812.03375pt x 299.1175pt>

File: figures/fig_flow-rate-pousielle-article.png Graphic file (type png)
<use figures/fig_flow-rate-pousielle-article.png>
Package pdftex.def Info: figures/fig_flow-rate-pousielle-article.png  used on i
nput line 4.
(pdftex.def)             Requested size: 288.79422pt x 106.37686pt.

Overfull \hbox (2.36267pt too wide) in paragraph at lines 8--9
\OT1/cmr/m/n/12 The flow rate of a vis-cous fluid through a thin tube is given 
by the Ha-gen{Poiseuille
 []

<figures/fig_capillary_pressure_in_tube_1mns_blue.png, id=195, 1065.9825pt x 44
7.6725pt>
File: figures/fig_capillary_pressure_in_tube_1mns_blue.png Graphic file (type p
ng)
<use figures/fig_capillary_pressure_in_tube_1mns_blue.png>
Package pdftex.def Info: figures/fig_capillary_pressure_in_tube_1mns_blue.png  
used on input line 19.
(pdftex.def)             Requested size: 247.54149pt x 103.95299pt.
[4 <./figures/fig_flow-rate-pousielle-article.png>] [5 <./figures/fig_capillary
_pressure_in_tube_1mns_blue.png>]
<figures/fig_capillary_pressure_in_tube_3mns.png, id=233, 1121.18875pt x 480.79
625pt>
File: figures/fig_capillary_pressure_in_tube_3mns.png Graphic file (type png)
<use figures/fig_capillary_pressure_in_tube_3mns.png>
Package pdftex.def Info: figures/fig_capillary_pressure_in_tube_3mns.png  used 
on input line 98.
(pdftex.def)             Requested size: 247.54149pt x 106.14964pt.
 [6 <./figures/fig_capillary_pressure_in_tube_3mns.png>]
<figures/fig_capillary_pressure_in_tube_1mns_grey.png, id=250, 1030.85126pt x 4
52.69125pt>
File: figures/fig_capillary_pressure_in_tube_1mns_grey.png Graphic file (type p
ng)
<use figures/fig_capillary_pressure_in_tube_1mns_grey.png>
Package pdftex.def Info: figures/fig_capillary_pressure_in_tube_1mns_grey.png  
used on input line 139.
(pdftex.def)             Requested size: 247.54149pt x 108.70337pt.
<figures/fig_capillary_pressure_in_tube_2mns.png, id=251, 1089.06876pt x 452.69
125pt>
File: figures/fig_capillary_pressure_in_tube_2mns.png Graphic file (type png)
<use figures/fig_capillary_pressure_in_tube_2mns.png>
Package pdftex.def Info: figures/fig_capillary_pressure_in_tube_2mns.png  used 
on input line 146.
(pdftex.def)             Requested size: 247.54149pt x 102.89417pt.
<figures/fig_simple-5-nodes.png, id=252, 1047.915pt x 967.615pt>
File: figures/fig_simple-5-nodes.png Graphic file (type png)
<use figures/fig_simple-5-nodes.png>
Package pdftex.def Info: figures/fig_simple-5-nodes.png  used on input line 154
.
(pdftex.def)             Requested size: 246.49991pt x 227.62204pt.
 [7 <./figures/fig_capillary_pressure_in_tube_1mns_grey.png> <./figures/fig_cap
illary_pressure_in_tube_2mns.png>]

LaTeX Warning: Reference `eq:flow-rate-main' on page 8 undefined on input line 
164.

) (./sections/04model.tex
<figures/fig_descp-of-model.png, id=266, 2891.5227pt x 2048.8545pt>
File: figures/fig_descp-of-model.png Graphic file (type png)
<use figures/fig_descp-of-model.png>
Package pdftex.def Info: figures/fig_descp-of-model.png  used on input line 1.
(pdftex.def)             Requested size: 240.9008pt x 170.71652pt.
 [8 <./figures/fig_simple-5-nodes.png (PNG copy)>]
<figures/fig_numbering-of-ij-tube.png, id=272, 743.77875pt x 507.8975pt>
File: figures/fig_numbering-of-ij-tube.png Graphic file (type png)
<use figures/fig_numbering-of-ij-tube.png>
Package pdftex.def Info: figures/fig_numbering-of-ij-tube.png  used on input li
ne 7.
(pdftex.def)             Requested size: 249.99875pt x 170.71652pt.

[9 <./figures/fig_descp-of-model.png> <./figures/fig_numbering-of-ij-tube.png (
PNG copy)>]
Overfull \hbox (4.6786pt too wide) detected at line 37
[]
 []


LaTeX Warning: Reference `eq:flow-rate-main' on page 10 undefined on input line
 38.

<figures/fig_zero-linearequation.png, id=280, 826.08624pt x 622.325pt>
File: figures/fig_zero-linearequation.png Graphic file (type png)
<use figures/fig_zero-linearequation.png>
Package pdftex.def Info: figures/fig_zero-linearequation.png  used on input lin
e 49.
(pdftex.def)             Requested size: 226.61348pt x 170.71652pt.
[10] [11 <./figures/fig_zero-linearequation.png>]
<figures/fig_center-of-mass.png, id=294, 827.09pt x 778.91pt>
File: figures/fig_center-of-mass.png Graphic file (type png)
<use figures/fig_center-of-mass.png>
Package pdftex.def Info: figures/fig_center-of-mass.png  used on input line 120
.
(pdftex.def)             Requested size: 241.69252pt x 227.62204pt.
 [12 <./figures/fig_center-of-mass.png>] [13]
<figures/fig_test_dist_th01.png, id=323, 713.66624pt x 643.40375pt>
File: figures/fig_test_dist_th01.png Graphic file (type png)
<use figures/fig_test_dist_th01.png>
Package pdftex.def Info: figures/fig_test_dist_th01.png  used on input line 180
.
(pdftex.def)             Requested size: 227.62204pt x 205.20618pt.
 [14]
<figures/fig_test_dist_th02.png, id=332, 752.8125pt x 646.415pt>
File: figures/fig_test_dist_th02.png Graphic file (type png)
<use figures/fig_test_dist_th02.png>
Package pdftex.def Info: figures/fig_test_dist_th02.png  used on input line 186
.
(pdftex.def)             Requested size: 227.62204pt x 195.45483pt.
<figures/fig_test_dist_th03.png, id=333, 744.7825pt x 670.505pt>
File: figures/fig_test_dist_th03.png Graphic file (type png)
<use figures/fig_test_dist_th03.png>
Package pdftex.def Info: figures/fig_test_dist_th03.png  used on input line 193
.
(pdftex.def)             Requested size: 227.62204pt x 204.91809pt.
 [15 <./figures/fig_test_dist_th01.png> <./figures/fig_test_dist_th02.png>]
<figures/fig_test_dist_th04.png, id=342, 719.68875pt x 651.43375pt>
File: figures/fig_test_dist_th04.png Graphic file (type png)
<use figures/fig_test_dist_th04.png>
Package pdftex.def Info: figures/fig_test_dist_th04.png  used on input line 199
.
(pdftex.def)             Requested size: 227.62204pt x 206.03767pt.
<figures/fig_test_dist_tn01.png, id=343, 652.4375pt x 638.385pt>
File: figures/fig_test_dist_tn01.png Graphic file (type png)
<use figures/fig_test_dist_tn01.png>
Package pdftex.def Info: figures/fig_test_dist_tn01.png  used on input line 205
.
(pdftex.def)             Requested size: 227.62204pt x 222.71725pt.
 [16 <./figures/fig_test_dist_th03.png> <./figures/fig_test_dist_th04.png>]
<figures/fig_test_dist_tn02.png, id=352, 675.52374pt x 643.40375pt>
File: figures/fig_test_dist_tn02.png Graphic file (type png)
<use figures/fig_test_dist_tn02.png>
Package pdftex.def Info: figures/fig_test_dist_tn02.png  used on input line 211
.
(pdftex.def)             Requested size: 227.62204pt x 216.80069pt.
<figures/fig_test_dist_tn03.png, id=353, 671.50874pt x 667.49374pt>
File: figures/fig_test_dist_tn03.png Graphic file (type png)
<use figures/fig_test_dist_tn03.png>
Package pdftex.def Info: figures/fig_test_dist_tn03.png  used on input line 218
.
(pdftex.def)             Requested size: 227.62204pt x 226.26247pt.
 [17 <./figures/fig_test_dist_tn01.png> <./figures/fig_test_dist_tn02.png>]
<figures/fig_test_dist_tn04.png, id=362, 671.50874pt x 653.44125pt>
File: figures/fig_test_dist_tn04.png Graphic file (type png)
<use figures/fig_test_dist_tn04.png>
Package pdftex.def Info: figures/fig_test_dist_tn04.png  used on input line 224
.
(pdftex.def)             Requested size: 227.62204pt x 221.49904pt.
<figures/fig_initial-fill-distribution.png, id=363, 753.81625pt x 528.97626pt>
File: figures/fig_initial-fill-distribution.png Graphic file (type png)
<use figures/fig_initial-fill-distribution.png>
Package pdftex.def Info: figures/fig_initial-fill-distribution.png  used on inp
ut line 232.
(pdftex.def)             Requested size: 227.62204pt x 159.72725pt.
 [18 <./figures/fig_test_dist_tn03.png> <./figures/fig_test_dist_tn04.png>]
<figures/fig_final-fill-distribution.png, id=372, 782.925pt x 527.9725pt>
File: figures/fig_final-fill-distribution.png Graphic file (type png)
<use figures/fig_final-fill-distribution.png>
Package pdftex.def Info: figures/fig_final-fill-distribution.png  used on input
 line 239.
(pdftex.def)             Requested size: 227.62204pt x 153.4948pt.
) (./sections/05result.tex [19 <./figures/fig_initial-fill-distribution.png> <.
/figures/fig_final-fill-distribution.png>]
<figures/fig_result10by10_1.png, id=383, 864.22874pt x 867.24pt>
File: figures/fig_result10by10_1.png Graphic file (type png)
<use figures/fig_result10by10_1.png>
Package pdftex.def Info: figures/fig_result10by10_1.png  used on input line 14.

(pdftex.def)             Requested size: 226.83047pt x 227.62204pt.
<figures/fig_result10by10_2.png, id=384, 869.2475pt x 865.2325pt>
File: figures/fig_result10by10_2.png Graphic file (type png)
<use figures/fig_result10by10_2.png>
Package pdftex.def Info: figures/fig_result10by10_2.png  used on input line 20.

(pdftex.def)             Requested size: 228.67827pt x 227.62204pt.
 [20 <./figures/fig_result10by10_1.png>]
<figures/fig_result10by10_3.png, id=391, 866.23625pt x 864.22874pt>
File: figures/fig_result10by10_3.png Graphic file (type png)
<use figures/fig_result10by10_3.png>
Package pdftex.def Info: figures/fig_result10by10_3.png  used on input line 27.

(pdftex.def)             Requested size: 228.15044pt x 227.62204pt.
<figures/fig_plot-sat-vs-time.png, id=392, 578.16pt x 341.275pt>
File: figures/fig_plot-sat-vs-time.png Graphic file (type png)
<use figures/fig_plot-sat-vs-time.png>
Package pdftex.def Info: figures/fig_plot-sat-vs-time.png  used on input line 3
5.
(pdftex.def)             Requested size: 330.05322pt x 194.82037pt.
 [21 <./figures/fig_result10by10_2.png> <./figures/fig_result10by10_3.png>]

LaTeX Warning: Reference `eq:flow-rate-main' on page 22 undefined on input line
 40.

<figures/fig_result26by26_1.png, id=403, 821.0675pt x 815.045pt>
File: figures/fig_result26by26_1.png Graphic file (type png)
<use figures/fig_result26by26_1.png>
Package pdftex.def Info: figures/fig_result26by26_1.png  used on input line 54.

(pdftex.def)             Requested size: 229.29596pt x 227.62204pt.
[22 <./figures/fig_plot-sat-vs-time.png>]
<figures/fig_result26by26_2.png, id=413, 826.08624pt x 814.04124pt>
File: figures/fig_result26by26_2.png Graphic file (type png)
<use figures/fig_result26by26_2.png>
Package pdftex.def Info: figures/fig_result26by26_2.png  used on input line 59.

(pdftex.def)             Requested size: 230.98744pt x 227.62204pt.
<figures/fig_result26by26_3.png, id=414, 825.0825pt x 821.0675pt>
File: figures/fig_result26by26_3.png Graphic file (type png)
<use figures/fig_result26by26_3.png>
Package pdftex.def Info: figures/fig_result26by26_3.png  used on input line 65.

(pdftex.def)             Requested size: 228.7302pt x 227.62204pt.
 [23 <./figures/fig_result26by26_1.png> <./figures/fig_result26by26_2.png>]
<figures/fig_result26by26_4.png, id=423, 830.10126pt x 816.04875pt>
File: figures/fig_result26by26_4.png Graphic file (type png)
<use figures/fig_result26by26_4.png>
Package pdftex.def Info: figures/fig_result26by26_4.png  used on input line 70.

(pdftex.def)             Requested size: 231.54013pt x 227.62204pt.
<figures/fig_plot-sat-vs-time2.png, id=424, 605.26125pt x 389.455pt>
File: figures/fig_plot-sat-vs-time2.png Graphic file (type png)
<use figures/fig_plot-sat-vs-time2.png>
Package pdftex.def Info: figures/fig_plot-sat-vs-time2.png  used on input line 
77.
(pdftex.def)             Requested size: 330.05322pt x 212.37059pt.
 [24 <./figures/fig_result26by26_3.png> <./figures/fig_result26by26_4.png>]) (.
/sections/06conclusion.tex [25 <./figures/fig_plot-sat-vs-time2.png>]
Overfull \hbox (0.71547pt too wide) in paragraph at lines 9--10
[]\OT1/cmr/m/n/12 Model of rea-son-able size can be sim-u-lated us-ing Gaussian
-elimination, which
 []

) (./main.bbl [26] [27]
Underfull \hbox (badness 2689) in paragraph at lines 181--187
[]\OT1/cmr/m/n/12 Wikipedia.  Cap-il-lary ac-tion --- Wikipedia, the free en-cy
-clo-pe-dia.
 []


Underfull \hbox (badness 10000) in paragraph at lines 181--187
[]$\OT1/cmtt/m/n/12 http : / / en . wikipedia . org / w / index . php ? title =
 Capillary % 20action &
 []

)
Package atveryend Info: Empty hook `BeforeClearDocument' on input line 59.
 [28]
Package atveryend Info: Empty hook `AfterLastShipout' on input line 59.
 (./main.aux)
Package atveryend Info: Executing hook `AtVeryEndDocument' on input line 59.
Package atveryend Info: Executing hook `AtEndAfterFileList' on input line 59.
Package rerunfilecheck Info: File `main.out' has not changed.
(rerunfilecheck)             Checksum: F56AB1C19D3DAD484F80E0E5DF2A4F3B;2474.


LaTeX Warning: There were undefined references.

 ) 
Here is how much of TeX's memory you used:
 9013 strings out of 481239
 143482 string characters out of 5920378
 415042 words of memory out of 5000000
 23940 multiletter control sequences out of 15000+600000
 540319 words of font info for 52 fonts, out of 8000000 for 9000
 1141 hyphenation exceptions out of 8191
 50i,13n,48p,787b,597s stack positions out of 5000i,500n,10000p,200000b,80000s
{/usr/share/texmf/fonts/enc/dvips/cm-super/cm-super-ts1.enc}</usr/share/texli
ve/texmf-dist/fonts/type1/public/amsfonts/cm/cmbx10.pfb></usr/share/texlive/tex
mf-dist/fonts/type1/public/amsfonts/cm/cmbx12.pfb></usr/share/texlive/texmf-dis
t/fonts/type1/public/amsfonts/cm/cmex10.pfb></usr/share/texlive/texmf-dist/font
s/type1/public/amsfonts/cm/cmmi12.pfb></usr/share/texlive/texmf-dist/fonts/type
1/public/amsfonts/cm/cmmi8.pfb></usr/share/texlive/texmf-dist/fonts/type1/publi
c/amsfonts/cm/cmr10.pfb></usr/share/texlive/texmf-dist/fonts/type1/public/amsfo
nts/cm/cmr12.pfb></usr/share/texlive/texmf-dist/fonts/type1/public/amsfonts/cm/
cmr17.pfb></usr/share/texlive/texmf-dist/fonts/type1/public/amsfonts/cm/cmr6.pf
b></usr/share/texlive/texmf-dist/fonts/type1/public/amsfonts/cm/cmr8.pfb></usr/
share/texlive/texmf-dist/fonts/type1/public/amsfonts/cm/cmsy10.pfb></usr/share/
texlive/texmf-dist/fonts/type1/public/amsfonts/cm/cmsy6.pfb></usr/share/texlive
/texmf-dist/fonts/type1/public/amsfonts/cm/cmsy8.pfb></usr/share/texlive/texmf-
dist/fonts/type1/public/amsfonts/cm/cmti12.pfb></usr/share/texlive/texmf-dist/f
onts/type1/public/amsfonts/cm/cmtt12.pfb></usr/share/texmf/fonts/type1/public/c
m-super/sfrm1200.pfb>
Output written on main.pdf (28 pages, 1323390 bytes).
PDF statistics:
 584 PDF objects out of 1000 (max. 8388607)
 473 compressed objects within 5 object streams
 184 named destinations out of 1000 (max. 500000)
 420 words of extra memory for PDF output out of 10000 (max. 10000000)

